Tutorial 1 for VS2DHI (simulation of fluid flow and energy transport)           
MONITORING POINT FILE
  TIME, day        NODE    XR,  m      Z,   m      H,   m       P,  m      THETA         SAT         TEMP           VX           VZ           ET
  1.000000E-01      247    9.55611E-01  9.52148E-01 -2.58956E+00 -1.63741E+00  6.05677E-02  1.55302E-01  1.72171E+01 -4.40988E-06 -2.86745E-06  0.00000E+00
  1.000000E-01      249    9.55611E-01  1.20605E+00 -2.24394E+00 -1.03789E+00  6.50395E-02  1.66768E-01  1.65192E+01 -2.97931E-03 -2.15369E-04  0.00000E+00
  1.000000E-01      253    9.55611E-01  1.71387E+00 -2.47009E+00 -7.56225E-01  8.24119E-02  2.11313E-01  1.51016E+01 -1.06917E-01  2.18931E-02  0.00000E+00
  1.000000E-01      256    9.55611E-01  2.09473E+00 -2.83312E+00 -7.38396E-01  8.50122E-02  2.17980E-01  1.40345E+01 -1.23506E-01  5.13967E-02  0.00000E+00
  1.000000E-01      258    9.55611E-01  2.34863E+00 -3.13686E+00 -7.88231E-01  7.84952E-02  2.01270E-01  1.33561E+01 -4.36680E-02  3.47266E-02  0.00000E+00
  1.000000E-01      255    9.55611E-01  1.96777E+00 -2.70058E+00 -7.32806E-01  8.58987E-02  2.20253E-01  1.43871E+01 -1.40064E-01  4.73186E-02  0.00000E+00
  1.000000E-01      251    9.55611E-01  1.45996E+00 -2.29749E+00 -8.37530E-01  7.39279E-02  1.89559E-01  1.58140E+01 -3.80791E-02  2.66890E-03  0.00000E+00
  1.000000E-01      720    3.01385E+00  5.71289E-01 -5.10727E-01  6.05624E-02  3.90000E-01  1.00000E+00  2.99533E+01 -2.04081E+00  2.08781E+01  0.00000E+00
  1.000000E-01      721    3.01385E+00  6.98242E-01 -5.72669E-01  1.25573E-01  3.90000E-01  1.00000E+00  2.98716E+01 -3.89027E+00  1.94557E+01  0.00000E+00
  1.000000E-01      722    3.01385E+00  8.25195E-01 -6.26319E-01  1.98876E-01  3.90000E-01  1.00000E+00  2.96613E+01 -5.27471E+00  1.67984E+01  0.00000E+00
  1.000000E-01     1349    5.66016E+00  2.72949E+00 -3.26954E+00 -5.40050E-01  4.00000E-01  1.00000E+00  1.25936E+01  4.60383E-01  1.71353E+00  0.00000E+00
  1.000000E-01     1351    5.66016E+00  2.98340E+00 -3.49245E+00 -5.09052E-01  1.77129E-01  4.54177E-01  1.18483E+01 -1.46945E-01  1.62527E+00  0.00000E+00
  1.000000E-01     1353    5.66016E+00  3.23730E+00 -3.70710E+00 -4.69794E-01  2.11241E-01  5.41645E-01  1.08049E+01 -1.36397E-02  1.15029E+00  0.00000E+00
  1.000000E-01     1354    5.66016E+00  3.36426E+00 -3.71116E+00 -3.46906E-01  3.30787E-01  8.48172E-01  1.03719E+01  2.42497E-01  3.13639E-01  0.00000E+00
  1.000000E-01     1355    5.66016E+00  3.49121E+00 -3.71041E+00 -2.19199E-01  3.84944E-01  9.87036E-01  9.98915E+00  5.54679E-01 -1.10768E-01  0.00000E+00
  1.000000E-01     1431    6.10121E+00  1.90430E-01 -2.19141E+00 -2.00098E+00  6.02169E-02  1.54402E-01  1.93468E+01  7.36051E-12  1.08495E-02  0.00000E+00
  1.000000E-01     1433    6.10121E+00  4.44336E-01 -3.72917E+00 -3.28483E+00  6.00201E-02  1.53898E-01  1.86821E+01  1.04393E-22  6.23226E-14  0.00000E+00
  1.000000E-01     1434    6.10121E+00  5.71289E-01 -3.72917E+00 -3.15788E+00  6.00243E-02  1.53908E-01  1.83135E+01  0.00000E+00  1.19845E-20  0.00000E+00
  1.000000E-01     1436    6.10121E+00  8.25195E-01 -3.72917E+00 -2.90397E+00  6.00363E-02  1.53939E-01  1.75733E+01  0.00000E+00  0.00000E+00  0.00000E+00
  1.000000E-01      869    3.60192E+00  2.22168E+00 -2.65417E+00 -4.32495E-01  2.48297E-01  6.36658E-01  1.50441E+01 -1.83941E-01  7.05586E+00  0.00000E+00
  1.000000E-01      871    3.60192E+00  2.47559E+00 -2.91457E+00 -4.38980E-01  2.41649E-01  6.19613E-01  1.41066E+01  8.68107E-02  6.28615E+00  0.00000E+00
  1.000000E-01      872    3.60192E+00  2.60254E+00 -3.05916E+00 -4.56621E-01  2.23941E-01  5.74207E-01  1.29289E+01  1.27178E-01  5.94167E+00  0.00000E+00
  1.000000E-01      874    3.60192E+00  2.85645E+00 -3.51635E+00 -6.59905E-01  1.01504E-01  2.60267E-01  1.16721E+01  9.27021E-02  2.46147E+00  0.00000E+00
  1.000000E-01      876    3.60192E+00  3.11035E+00 -3.59353E+00 -4.83180E-01  1.98931E-01  5.10078E-01  1.03363E+01  2.04778E+00 -1.04295E+00  0.00000E+00
  5.000000E-01      247    9.55611E-01  9.52148E-01 -1.80820E+00 -8.56047E-01  7.25671E-02  1.86070E-01  1.80761E+01 -1.26345E-02  2.60843E-05  0.00000E+00
  5.000000E-01      249    9.55611E-01  1.20605E+00 -1.95018E+00 -7.44130E-01  8.41394E-02  2.15742E-01  1.77610E+01 -3.07029E-02  2.34355E-02  0.00000E+00
  5.000000E-01      253    9.55611E-01  1.71387E+00 -2.37246E+00 -6.58597E-01  1.01869E-01  2.61202E-01  1.70552E+01 -5.50592E-02  1.50820E-01  0.00000E+00
  5.000000E-01      256    9.55611E-01  2.09473E+00 -2.72062E+00 -6.25895E-01  1.12240E-01  2.87795E-01  1.63368E+01 -6.83534E-02  2.80196E-01  0.00000E+00
  5.000000E-01      258    9.55611E-01  2.34863E+00 -2.95848E+00 -6.09847E-01  1.18332E-01  3.03415E-01  1.58220E+01 -7.63122E-02  3.74041E-01  0.00000E+00
  5.000000E-01      255    9.55611E-01  1.96777E+00 -2.60315E+00 -6.35376E-01  1.08969E-01  2.79407E-01  1.65936E+01 -6.41647E-02  2.35222E-01  0.00000E+00
  5.000000E-01      251    9.55611E-01  1.45996E+00 -2.15119E+00 -6.91234E-01  9.37593E-02  2.40408E-01  1.74361E+01 -4.42292E-02  7.75437E-02  0.00000E+00
  5.000000E-01      720    3.01385E+00  5.71289E-01 -1.26014E+00 -6.88855E-01  9.42861E-02  2.41759E-01  2.77366E+01 -8.28788E-05  1.18798E-01  0.00000E+00
  5.000000E-01      721    3.01385E+00  6.98242E-01 -1.37183E+00 -6.73589E-01  9.78980E-02  2.51021E-01  2.77959E+01  1.10000E-04  1.49279E-01  0.00000E+00
  5.000000E-01      722    3.01385E+00  8.25195E-01 -1.48065E+00 -6.55450E-01  1.02760E-01  2.63488E-01  2.76529E+01 -1.86427E-03  1.93267E-01  0.00000E+00
  5.000000E-01     1349    5.66016E+00  2.72949E+00 -3.38506E+00 -6.55570E-01  3.99999E-01  9.99998E-01  1.43188E+01  2.61826E-01  7.43180E-01  0.00000E+00
  5.000000E-01     1351    5.66016E+00  2.98340E+00 -3.50588E+00 -5.22485E-01  1.66925E-01  4.28012E-01  1.32260E+01 -6.52748E-02  1.05891E+00  0.00000E+00
  5.000000E-01     1353    5.66016E+00  3.23730E+00 -3.57579E+00 -3.38488E-01  3.37280E-01  8.64821E-01  1.21197E+01  1.70925E+00  1.32750E+00  0.00000E+00
  5.000000E-01     1354    5.66016E+00  3.36426E+00 -3.58376E+00 -2.19505E-01  3.84904E-01  9.86932E-01  1.15999E+01  2.68220E+00  1.25004E+00  0.00000E+00
  5.000000E-01     1355    5.66016E+00  3.49121E+00 -3.58938E+00 -9.81686E-02  3.89951E-01  9.99875E-01  1.10198E+01  2.87192E+00  1.08525E+00  0.00000E+00
  5.000000E-01     1431    6.10121E+00  1.90430E-01 -1.06062E+00 -8.70191E-01  7.16333E-02  1.83675E-01  1.88669E+01  1.06506E-07  8.25070E-02  0.00000E+00
  5.000000E-01     1433    6.10121E+00  4.44336E-01 -3.68465E+00 -3.24032E+00  6.00214E-02  1.53901E-01  1.85571E+01  6.17752E-15  6.44054E-05  0.00000E+00
  5.000000E-01     1434    6.10121E+00  5.71289E-01 -3.72917E+00 -3.15788E+00  6.00243E-02  1.53908E-01  1.82625E+01  5.07161E-21  3.55840E-11  0.00000E+00
  5.000000E-01     1436    6.10121E+00  8.25195E-01 -3.72917E+00 -2.90397E+00  6.00363E-02  1.53939E-01  1.75720E+01  4.04388E-19  1.09174E-22  0.00000E+00
  5.000000E-01      869    3.60192E+00  2.22168E+00 -2.86048E+00 -6.38801E-01  1.07842E-01  2.76518E-01  1.73237E+01  2.75394E-02  2.85350E-02  0.00000E+00
  5.000000E-01      871    3.60192E+00  2.47559E+00 -3.05977E+00 -5.84188E-01  1.29693E-01  3.32547E-01  1.61992E+01  1.78581E-02  4.78206E-01  0.00000E+00
  5.000000E-01      872    3.60192E+00  2.60254E+00 -3.17188E+00 -5.69339E-01  1.37291E-01  3.52028E-01  1.57551E+01  1.41478E-02  6.59798E-01  0.00000E+00
  5.000000E-01      874    3.60192E+00  2.85645E+00 -3.39504E+00 -5.38599E-01  1.55708E-01  3.99252E-01  1.48846E+01  1.06933E-02  9.41155E-01  0.00000E+00
  5.000000E-01      876    3.60192E+00  3.11035E+00 -3.44315E+00 -3.32797E-01  3.41424E-01  8.75445E-01  1.41808E+01  1.74881E-01  1.14579E+00  0.00000E+00
  1.000000E+00      247    9.55611E-01  9.52148E-01 -1.81102E+00 -8.58867E-01  7.23740E-02  1.85574E-01  1.87476E+01 -7.04300E-03  1.81620E-03  0.00000E+00
  1.000000E+00      249    9.55611E-01  1.20605E+00 -1.98281E+00 -7.76753E-01  7.97997E-02  2.04615E-01  1.84757E+01 -1.21111E-02  1.66902E-02  0.00000E+00
  1.000000E+00      253    9.55611E-01  1.71387E+00 -2.41844E+00 -7.04573E-01  9.09710E-02  2.33259E-01  1.77363E+01 -1.89095E-02  7.29077E-02  0.00000E+00
  1.000000E+00      256    9.55611E-01  2.09473E+00 -2.76916E+00 -6.74432E-01  9.76878E-02  2.50482E-01  1.70217E+01 -2.25290E-02  1.26867E-01  0.00000E+00
  1.000000E+00      258    9.55611E-01  2.34863E+00 -3.00784E+00 -6.59212E-01  1.01697E-01  2.60761E-01  1.65401E+01 -2.46525E-02  1.66183E-01  0.00000E+00
  1.000000E+00      255    9.55611E-01  1.96777E+00 -2.65107E+00 -6.83296E-01  9.55541E-02  2.45010E-01  1.72693E+01 -2.13967E-02  1.08120E-01  0.00000E+00
  1.000000E+00      251    9.55611E-01  1.45996E+00 -2.19324E+00 -7.33283E-01  8.58217E-02  2.20056E-01  1.81401E+01 -1.59338E-02  4.17385E-02  0.00000E+00
  1.000000E+00      720    3.01385E+00  5.71289E-01 -1.27742E+00 -7.06128E-01  9.06637E-02  2.32471E-01  2.70669E+01 -4.92283E-05  1.07783E-01  0.00000E+00
  1.000000E+00      721    3.01385E+00  6.98242E-01 -1.40186E+00 -7.03614E-01  9.11626E-02  2.33750E-01  2.72400E+01  1.70122E-04  1.09392E-01  0.00000E+00
  1.000000E+00      722    3.01385E+00  8.25195E-01 -1.52380E+00 -6.98603E-01  9.21851E-02  2.36372E-01  2.72607E+01 -2.01867E-03  1.14458E-01  0.00000E+00
  1.000000E+00     1349    5.66016E+00  2.72949E+00 -3.46855E+00 -7.39053E-01  3.99998E-01  9.99996E-01  1.44909E+01  2.14526E-01  3.88976E-01  0.00000E+00
  1.000000E+00     1351    5.66016E+00  2.98340E+00 -3.53745E+00 -5.54052E-01  1.45977E-01  3.74299E-01  1.35115E+01 -2.09725E-01  6.44227E-01  0.00000E+00
  1.000000E+00     1353    5.66016E+00  3.23730E+00 -3.68845E+00 -4.51150E-01  2.29360E-01  5.88101E-01  1.23245E+01  7.56781E-02  7.49373E-01  0.00000E+00
  1.000000E+00     1354    5.66016E+00  3.36426E+00 -3.69375E+00 -3.29490E-01  3.43739E-01  8.81381E-01  1.17080E+01  4.11387E-01  4.83336E-01  0.00000E+00
  1.000000E+00     1355    5.66016E+00  3.49121E+00 -3.69583E+00 -2.04619E-01  3.86589E-01  9.91254E-01  1.11080E+01  6.57322E-01  3.33170E-01  0.00000E+00
  1.000000E+00     1431    6.10121E+00  1.90430E-01 -9.09031E-01 -7.18602E-01  8.83199E-02  2.26461E-01  1.84344E+01 -1.52741E-06  1.06480E-01  0.00000E+00
  1.000000E+00     1433    6.10121E+00  4.44336E-01 -1.60663E+00 -1.16230E+00  6.29343E-02  1.61370E-01  1.82988E+01  6.23223E-08  2.89446E-02  0.00000E+00
  1.000000E+00     1434    6.10121E+00  5.71289E-01 -3.12654E+00 -2.55525E+00  6.00671E-02  1.54018E-01  1.81165E+01  5.73975E-12  8.26558E-04  0.00000E+00
  1.000000E+00     1436    6.10121E+00  8.25195E-01 -3.72917E+00 -2.90397E+00  6.00363E-02  1.53939E-01  1.76036E+01  3.59078E-16  1.28726E-14  0.00000E+00
  1.000000E+00      869    3.60192E+00  2.22168E+00 -3.03335E+00 -8.11668E-01  7.61328E-02  1.95212E-01  1.80453E+01  2.04671E-03 -1.39940E-02  0.00000E+00
  1.000000E+00      871    3.60192E+00  2.47559E+00 -3.17830E+00 -7.02718E-01  9.13426E-02  2.34212E-01  1.66472E+01  3.68664E-03  5.08499E-02  0.00000E+00
  1.000000E+00      872    3.60192E+00  2.60254E+00 -3.28164E+00 -6.79103E-01  9.65458E-02  2.47553E-01  1.61003E+01  3.57236E-03  9.07920E-02  0.00000E+00
  1.000000E+00      874    3.60192E+00  2.85645E+00 -3.50466E+00 -6.48217E-01  1.04891E-01  2.68950E-01  1.50933E+01  3.02761E-03  1.76378E-01  0.00000E+00
  1.000000E+00      876    3.60192E+00  3.11035E+00 -3.65504E+00 -5.44685E-01  1.51758E-01  3.89123E-01  1.40516E+01  4.66891E-03  2.31502E-01  0.00000E+00
  1.500000E+00      247    9.55611E-01  9.52148E-01 -1.82388E+00 -8.71730E-01  7.15368E-02  1.83428E-01  1.90900E+01 -4.50896E-03  2.17709E-03  0.00000E+00
  1.500000E+00      249    9.55611E-01  1.20605E+00 -2.00636E+00 -8.00309E-01  7.72303E-02  1.98026E-01  1.88549E+01 -7.03905E-03  1.23228E-02  0.00000E+00
  1.500000E+00      253    9.55611E-01  1.71387E+00 -2.44669E+00 -7.32819E-01  8.58966E-02  2.20248E-01  1.81119E+01 -1.04501E-02  4.66139E-02  0.00000E+00
  1.500000E+00      256    9.55611E-01  2.09473E+00 -2.79825E+00 -7.03524E-01  9.11805E-02  2.33796E-01  1.74070E+01 -1.22716E-02  7.90422E-02  0.00000E+00
  1.500000E+00      258    9.55611E-01  2.34863E+00 -3.03717E+00 -6.88538E-01  9.43570E-02  2.41941E-01  1.69296E+01 -1.33310E-02  1.02717E-01  0.00000E+00
  1.500000E+00      255    9.55611E-01  1.96777E+00 -2.67997E+00 -7.12192E-01  8.94973E-02  2.29480E-01  1.76488E+01 -1.17041E-02  6.77723E-02  0.00000E+00
  1.500000E+00      251    9.55611E-01  1.45996E+00 -2.22013E+00 -7.60171E-01  8.18798E-02  2.09948E-01  1.85211E+01 -8.95028E-03  2.77974E-02  0.00000E+00
  1.500000E+00      720    3.01385E+00  5.71289E-01 -1.27776E+00 -7.06475E-01  9.05954E-02  2.32296E-01  2.65110E+01 -4.27815E-05  1.07530E-01  0.00000E+00
  1.500000E+00      721    3.01385E+00  6.98242E-01 -1.40466E+00 -7.06419E-01  9.06065E-02  2.32324E-01  2.67421E+01  1.35259E-04  1.07366E-01  0.00000E+00
  1.500000E+00      722    3.01385E+00  8.25195E-01 -1.53215E+00 -7.06957E-01  9.05010E-02  2.32054E-01  2.68351E+01 -1.99063E-03  1.07828E-01  0.00000E+00
  1.500000E+00     1349    5.66016E+00  2.72949E+00 -3.51005E+00 -7.80558E-01  3.99998E-01  9.99994E-01  1.45637E+01  1.56962E-01  2.59815E-01  0.00000E+00
  1.500000E+00     1351    5.66016E+00  2.98340E+00 -3.55692E+00 -5.73526E-01  1.35068E-01  3.46327E-01  1.35832E+01 -1.81178E-01  4.48000E-01  0.00000E+00
  1.500000E+00     1353    5.66016E+00  3.23730E+00 -3.71024E+00 -4.72933E-01  2.08297E-01  5.34096E-01  1.24608E+01 -9.44499E-03  5.33089E-01  0.00000E+00
  1.500000E+00     1354    5.66016E+00  3.36426E+00 -3.71425E+00 -3.49995E-01  3.28299E-01  8.41791E-01  1.18216E+01  1.04325E-01  3.14777E-01  0.00000E+00
  1.500000E+00     1355    5.66016E+00  3.49121E+00 -3.71553E+00 -2.24319E-01  3.84233E-01  9.85214E-01  1.11394E+01  2.21417E-01  1.91956E-01  0.00000E+00
  1.500000E+00     1431    6.10121E+00  1.90430E-01 -8.85502E-01 -6.95073E-01  9.29286E-02  2.38278E-01  1.81216E+01 -2.03033E-05  1.08390E-01  0.00000E+00
  1.500000E+00     1433    6.10121E+00  4.44336E-01 -1.23317E+00 -7.88830E-01  7.84299E-02  2.01102E-01  1.81101E+01  7.11767E-06  8.54260E-02  0.00000E+00
  1.500000E+00     1434    6.10121E+00  5.71289E-01 -1.60611E+00 -1.03482E+00  6.51112E-02  1.66952E-01  1.79791E+01  1.21131E-06  3.78208E-02  0.00000E+00
  1.500000E+00     1436    6.10121E+00  8.25195E-01 -3.72875E+00 -2.90355E+00  6.00363E-02  1.53939E-01  1.76383E+01  2.18648E-14  4.17805E-07  0.00000E+00
  1.500000E+00      869    3.60192E+00  2.22168E+00 -3.10734E+00 -8.85662E-01  7.07048E-02  1.81294E-01  1.86070E+01  8.12270E-04 -5.55719E-03  0.00000E+00
  1.500000E+00      871    3.60192E+00  2.47559E+00 -3.23389E+00 -7.58309E-01  8.21291E-02  2.10587E-01  1.71178E+01  1.86291E-03  1.89459E-02  0.00000E+00
  1.500000E+00      872    3.60192E+00  2.60254E+00 -3.33389E+00 -7.31353E-01  8.61351E-02  2.20859E-01  1.64802E+01  1.93116E-03  3.66058E-02  0.00000E+00
  1.500000E+00      874    3.60192E+00  2.85645E+00 -3.55217E+00 -6.95726E-01  9.27894E-02  2.37922E-01  1.53262E+01  1.84349E-03  7.65550E-02  0.00000E+00
  1.500000E+00      876    3.60192E+00  3.11035E+00 -3.69931E+00 -5.88957E-01  1.27419E-01  3.26715E-01  1.41991E+01  1.41916E-03  1.01991E-01  0.00000E+00
  2.000000E+00      247    9.55611E-01  9.52148E-01 -1.82743E+00 -8.75280E-01  7.13177E-02  1.82866E-01  1.92575E+01 -3.77500E-03  4.67499E-03  0.00000E+00
  2.000000E+00      249    9.55611E-01  1.20605E+00 -2.02325E+00 -8.17191E-01  7.56291E-02  1.93921E-01  1.90706E+01 -4.92831E-03  1.00738E-02  0.00000E+00
  2.000000E+00      253    9.55611E-01  1.71387E+00 -2.46723E+00 -7.53362E-01  8.28075E-02  2.12327E-01  1.83555E+01 -6.95730E-03  3.37847E-02  0.00000E+00
  2.000000E+00      256    9.55611E-01  2.09473E+00 -2.81936E+00 -7.24633E-01  8.72611E-02  2.23746E-01  1.76585E+01 -8.07480E-03  5.62288E-02  0.00000E+00
  2.000000E+00      258    9.55611E-01  2.34863E+00 -3.05841E+00 -7.09772E-01  8.99565E-02  2.30658E-01  1.71697E+01 -8.72536E-03  7.26403E-02  0.00000E+00
  2.000000E+00      255    9.55611E-01  1.96777E+00 -2.70095E+00 -7.33178E-01  8.58386E-02  2.20099E-01  1.78987E+01 -7.72618E-03  4.84242E-02  0.00000E+00
  2.000000E+00      251    9.55611E-01  1.45996E+00 -2.23969E+00 -7.79728E-01  7.94515E-02  2.03722E-01  1.87566E+01 -6.04652E-03  2.07671E-02  0.00000E+00
  2.000000E+00      720    3.01385E+00  5.71289E-01 -1.27716E+00 -7.05868E-01  9.07148E-02  2.32602E-01  2.59885E+01 -3.79545E-05  1.07417E-01  0.00000E+00
  2.000000E+00      721    3.01385E+00  6.98242E-01 -1.40431E+00 -7.06070E-01  9.06750E-02  2.32500E-01  2.62472E+01  1.30546E-04  1.07214E-01  0.00000E+00
  2.000000E+00      722    3.01385E+00  8.25195E-01 -1.53308E+00 -7.07886E-01  9.03202E-02  2.31590E-01  2.63818E+01 -2.00760E-03  1.07255E-01  0.00000E+00
  2.000000E+00     1349    5.66016E+00  2.72949E+00 -3.52803E+00 -7.98535E-01  3.99997E-01  9.99993E-01  1.45936E+01  1.34929E-01  2.16834E-01  0.00000E+00
  2.000000E+00     1351    5.66016E+00  2.98340E+00 -3.56706E+00 -5.83666E-01  1.29947E-01  3.33197E-01  1.36091E+01 -1.64458E-01  3.75572E-01  0.00000E+00
  2.000000E+00     1353    5.66016E+00  3.23730E+00 -3.71682E+00 -4.79518E-01  2.02234E-01  5.18548E-01  1.25101E+01 -2.25645E-02  4.42276E-01  0.00000E+00
  2.000000E+00     1354    5.66016E+00  3.36426E+00 -3.72020E+00 -3.55943E-01  3.23357E-01  8.29120E-01  1.18734E+01  3.38012E-02  2.52326E-01  0.00000E+00
  2.000000E+00     1355    5.66016E+00  3.49121E+00 -3.72119E+00 -2.29981E-01  3.83356E-01  9.82965E-01  1.11592E+01  1.02801E-01  1.46213E-01  0.00000E+00
  2.000000E+00     1431    6.10121E+00  1.90430E-01 -8.84115E-01 -6.93685E-01  9.32260E-02  2.39041E-01  1.78879E+01 -4.50135E-05  1.08127E-01  0.00000E+00
  2.000000E+00     1433    6.10121E+00  4.44336E-01 -1.15189E+00 -7.07551E-01  9.03853E-02  2.31757E-01  1.79956E+01 -1.85814E-05  1.05903E-01  0.00000E+00
  2.000000E+00     1434    6.10121E+00  5.71289E-01 -1.33762E+00 -7.66333E-01  8.10782E-02  2.07893E-01  1.79154E+01  2.60724E-05  8.90329E-02  0.00000E+00
  2.000000E+00     1436    6.10121E+00  8.25195E-01 -2.40490E+00 -1.57970E+00  6.06743E-02  1.55575E-01  1.76516E+01  3.61617E-08  6.24969E-03  0.00000E+00
  2.000000E+00      869    3.60192E+00  2.22168E+00 -3.15173E+00 -9.30052E-01  6.84927E-02  1.75622E-01  1.89958E+01  4.64360E-04 -2.85700E-03  0.00000E+00
  2.000000E+00      871    3.60192E+00  2.47559E+00 -3.27032E+00 -7.94732E-01  7.78012E-02  1.99490E-01  1.74920E+01  1.17560E-03  1.02282E-02  0.00000E+00
  2.000000E+00      872    3.60192E+00  2.60254E+00 -3.36847E+00 -7.65936E-01  8.11289E-02  2.08023E-01  1.68118E+01  1.26090E-03  2.04912E-02  0.00000E+00
  2.000000E+00      874    3.60192E+00  2.85645E+00 -3.58496E+00 -7.28514E-01  8.66041E-02  2.22062E-01  1.55500E+01  1.27440E-03  4.44741E-02  0.00000E+00
  2.000000E+00      876    3.60192E+00  3.11035E+00 -3.71329E+00 -6.02939E-01  1.21185E-01  3.10730E-01  1.43209E+01  7.54237E-04  5.71291E-02  0.00000E+00
  2.500000E+00      247    9.55611E-01  9.52148E-01 -1.75867E+00 -8.06517E-01  7.66199E-02  1.96461E-01  1.93412E+01 -8.73324E-03  4.02838E-02  0.00000E+00
  2.500000E+00      249    9.55611E-01  1.20605E+00 -2.02691E+00 -8.20852E-01  7.53055E-02  1.93091E-01  1.91852E+01 -4.70889E-03  1.29473E-02  0.00000E+00
  2.500000E+00      253    9.55611E-01  1.71387E+00 -2.48261E+00 -7.68740E-01  8.07745E-02  2.07114E-01  1.85185E+01 -5.26072E-03  2.68080E-02  0.00000E+00
  2.500000E+00      256    9.55611E-01  2.09473E+00 -2.83570E+00 -7.40969E-01  8.46162E-02  2.16965E-01  1.78270E+01 -5.94988E-03  4.33529E-02  0.00000E+00
  2.500000E+00      258    9.55611E-01  2.34863E+00 -3.07494E+00 -7.26306E-01  8.69756E-02  2.23014E-01  1.73199E+01 -6.37369E-03  5.55826E-02  0.00000E+00
  2.500000E+00      255    9.55611E-01  1.96777E+00 -2.71709E+00 -7.49319E-01  8.33799E-02  2.13795E-01  1.80685E+01 -5.72776E-03  3.75626E-02  0.00000E+00
  2.500000E+00      251    9.55611E-01  1.45996E+00 -2.25292E+00 -7.92954E-01  7.79879E-02  1.99969E-01  1.89025E+01 -4.79553E-03  1.76674E-02  0.00000E+00
  2.500000E+00      720    3.01385E+00  5.71289E-01 -1.27655E+00 -7.05256E-01  9.08355E-02  2.32912E-01  2.54886E+01 -3.27930E-05  1.07285E-01  0.00000E+00
  2.500000E+00      721    3.01385E+00  6.98242E-01 -1.40372E+00 -7.05476E-01  9.07921E-02  2.32800E-01  2.57614E+01  1.36004E-04  1.07108E-01  0.00000E+00
  2.500000E+00      722    3.01385E+00  8.25195E-01 -1.53274E+00 -7.07542E-01  9.03871E-02  2.31762E-01  2.59230E+01 -2.01216E-03  1.07161E-01  0.00000E+00
  2.500000E+00     1349    5.66016E+00  2.72949E+00 -3.53605E+00 -8.06555E-01  3.99997E-01  9.99992E-01  1.46205E+01  1.26010E-01  1.99155E-01  0.00000E+00
  2.500000E+00     1351    5.66016E+00  2.98340E+00 -3.57183E+00 -5.88430E-01  1.27666E-01  3.27349E-01  1.36403E+01 -1.56136E-01  3.45243E-01  0.00000E+00
  2.500000E+00     1353    5.66016E+00  3.23730E+00 -3.71927E+00 -4.81969E-01  2.00017E-01  5.12865E-01  1.25397E+01 -2.60061E-02  4.05401E-01  0.00000E+00
  2.500000E+00     1354    5.66016E+00  3.36426E+00 -3.72238E+00 -3.58127E-01  3.21493E-01  8.24342E-01  1.18985E+01  1.03317E-02  2.28220E-01  0.00000E+00
  2.500000E+00     1355    5.66016E+00  3.49121E+00 -3.72327E+00 -2.32058E-01  3.83009E-01  9.82074E-01  1.11681E+01  6.04310E-02  1.29468E-01  0.00000E+00
  2.500000E+00     1431    6.10121E+00  1.90430E-01 -8.83969E-01 -6.93539E-01  9.32576E-02  2.39122E-01  1.77186E+01 -6.64006E-05  1.08077E-01  0.00000E+00
  2.500000E+00     1433    6.10121E+00  4.44336E-01 -1.13899E+00 -6.94651E-01  9.30186E-02  2.38509E-01  1.78977E+01 -7.66399E-05  1.07950E-01  0.00000E+00
  2.500000E+00     1434    6.10121E+00  5.71289E-01 -1.27532E+00 -7.04029E-01  9.10794E-02  2.33537E-01  1.78840E+01 -2.37528E-05  1.06019E-01  0.00000E+00
  2.500000E+00     1436    6.10121E+00  8.25195E-01 -1.71854E+00 -8.93343E-01  7.02768E-02  1.80197E-01  1.76655E+01  5.10805E-05  5.45133E-02  0.00000E+00
  2.500000E+00      869    3.60192E+00  2.22168E+00 -3.18237E+00 -9.60692E-01  6.72814E-02  1.72516E-01  1.92675E+01  3.12963E-04 -1.74895E-03  0.00000E+00
  2.500000E+00      871    3.60192E+00  2.47559E+00 -3.29734E+00 -8.21757E-01  7.52268E-02  1.92889E-01  1.77700E+01  8.30753E-04  6.58329E-03  0.00000E+00
  2.500000E+00      872    3.60192E+00  2.60254E+00 -3.39432E+00 -7.91784E-01  7.81120E-02  2.00287E-01  1.70683E+01  9.10326E-04  1.34327E-02  0.00000E+00
  2.500000E+00      874    3.60192E+00  2.85645E+00 -3.60988E+00 -7.53434E-01  8.27974E-02  2.12301E-01  1.57324E+01  9.43246E-04  2.97972E-02  0.00000E+00
  2.500000E+00      876    3.60192E+00  3.11035E+00 -3.71887E+00 -6.08522E-01  1.18868E-01  3.04790E-01  1.44102E+01  4.59915E-04  3.64044E-02  0.00000E+00
  3.000000E+00      247    9.55611E-01  9.52148E-01 -1.67540E+00 -7.23254E-01  8.74992E-02  2.24357E-01  1.94281E+01 -1.08646E-02  9.52105E-02  0.00000E+00
  3.000000E+00      249    9.55611E-01  1.20605E+00 -1.99361E+00 -7.87553E-01  7.85694E-02  2.01460E-01  1.92661E+01 -9.00016E-03  4.00038E-02  0.00000E+00
  3.000000E+00      253    9.55611E-01  1.71387E+00 -2.49366E+00 -7.79790E-01  7.94443E-02  2.03703E-01  1.86318E+01 -4.48685E-03  2.33675E-02  0.00000E+00
  3.000000E+00      256    9.55611E-01  2.09473E+00 -2.84911E+00 -7.54384E-01  8.26653E-02  2.11962E-01  1.79431E+01 -4.72861E-03  3.52147E-02  0.00000E+00
  3.000000E+00      258    9.55611E-01  2.34863E+00 -3.08881E+00 -7.40175E-01  8.47376E-02  2.17276E-01  1.74147E+01 -4.97280E-03  4.45312E-02  0.00000E+00
  3.000000E+00      255    9.55611E-01  1.96777E+00 -2.73007E+00 -7.62298E-01  8.15992E-02  2.09229E-01  1.81874E+01 -4.61919E-03  3.08932E-02  0.00000E+00
  3.000000E+00      251    9.55611E-01  1.45996E+00 -2.25679E+00 -7.96829E-01  7.75840E-02  1.98933E-01  1.89996E+01 -4.86994E-03  1.99425E-02  0.00000E+00
  3.000000E+00      720    3.01385E+00  5.71289E-01 -1.27599E+00 -7.04697E-01  9.09465E-02  2.33196E-01  2.50141E+01 -2.75420E-05  1.07162E-01  0.00000E+00
  3.000000E+00      721    3.01385E+00  6.98242E-01 -1.40317E+00 -7.04925E-01  9.09011E-02  2.33080E-01  2.52953E+01  1.43517E-04  1.06960E-01  0.00000E+00
  3.000000E+00      722    3.01385E+00  8.25195E-01 -1.53224E+00 -7.07045E-01  9.04840E-02  2.32010E-01  2.54771E+01 -2.00883E-03  1.07033E-01  0.00000E+00
  3.000000E+00     1349    5.66016E+00  2.72949E+00 -3.54026E+00 -8.10772E-01  3.99997E-01  9.99992E-01  1.46506E+01  1.21855E-01  1.90812E-01  0.00000E+00
  3.000000E+00     1351    5.66016E+00  2.98340E+00 -3.57445E+00 -5.91051E-01  1.26444E-01  3.24216E-01  1.36712E+01 -1.51659E-01  3.30297E-01  0.00000E+00
  3.000000E+00     1353    5.66016E+00  3.23730E+00 -3.72046E+00 -4.83158E-01  1.98950E-01  5.10129E-01  1.25640E+01 -2.73385E-02  3.86383E-01  0.00000E+00
  3.000000E+00     1354    5.66016E+00  3.36426E+00 -3.72343E+00 -3.59176E-01  3.20589E-01  8.22023E-01  1.19162E+01 -3.93015E-04  2.16085E-01  0.00000E+00
  3.000000E+00     1355    5.66016E+00  3.49121E+00 -3.72427E+00 -2.33055E-01  3.82837E-01  9.81634E-01  1.11749E+01  4.03433E-02  1.21291E-01  0.00000E+00
  3.000000E+00     1431    6.10121E+00  1.90430E-01 -8.83804E-01 -6.93375E-01  9.32931E-02  2.39213E-01  1.75916E+01 -8.33308E-05  1.08058E-01  0.00000E+00
  3.000000E+00     1433    6.10121E+00  4.44336E-01 -1.13800E+00 -6.93668E-01  9.32299E-02  2.39051E-01  1.78045E+01 -9.80603E-05  1.07921E-01  0.00000E+00
  3.000000E+00     1434    6.10121E+00  5.71289E-01 -1.26513E+00 -6.93842E-01  9.31922E-02  2.38954E-01  1.78288E+01 -1.11544E-04  1.07886E-01  0.00000E+00
  3.000000E+00     1436    6.10121E+00  8.25195E-01 -1.55726E+00 -7.32067E-01  8.60187E-02  2.20561E-01  1.77228E+01  5.46700E-04  9.98967E-02  0.00000E+00
  3.000000E+00      869    3.60192E+00  2.22168E+00 -3.20688E+00 -9.85197E-01  6.64595E-02  1.70409E-01  1.94559E+01  2.27466E-04 -1.16068E-03  0.00000E+00
  3.000000E+00      871    3.60192E+00  2.47559E+00 -3.31993E+00 -8.44349E-01  7.34074E-02  1.88224E-01  1.79736E+01  6.20265E-04  4.59945E-03  0.00000E+00
  3.000000E+00      872    3.60192E+00  2.60254E+00 -3.41603E+00 -8.13495E-01  7.59641E-02  1.94780E-01  1.72610E+01  6.90702E-04  9.48516E-03  0.00000E+00
  3.000000E+00      874    3.60192E+00  2.85645E+00 -3.63072E+00 -7.74276E-01  8.00952E-02  2.05372E-01  1.58743E+01  7.17096E-04  2.13582E-02  0.00000E+00
  3.000000E+00      876    3.60192E+00  3.11035E+00 -3.72171E+00 -6.11361E-01  1.17726E-01  3.01861E-01  1.44773E+01  2.87706E-04  2.47604E-02  0.00000E+00
  3.500000E+00      247    9.55611E-01  9.52148E-01 -1.65058E+00 -6.98428E-01  9.22216E-02  2.36466E-01  1.94627E+01 -1.98272E-03  1.09213E-01  0.00000E+00
  3.500000E+00      249    9.55611E-01  1.20605E+00 -1.93293E+00 -7.26876E-01  8.68792E-02  2.22767E-01  1.93309E+01 -1.27833E-02  8.79904E-02  0.00000E+00
  3.500000E+00      253    9.55611E-01  1.71387E+00 -2.49438E+00 -7.80518E-01  7.93602E-02  2.03488E-01  1.87054E+01 -5.11699E-03  2.68752E-02  0.00000E+00
  3.500000E+00      256    9.55611E-01  2.09473E+00 -2.85861E+00 -7.63883E-01  8.13928E-02  2.08700E-01  1.80170E+01 -4.22270E-03  3.09547E-02  0.00000E+00
  3.500000E+00      258    9.55611E-01  2.34863E+00 -3.09965E+00 -7.51018E-01  8.31373E-02  2.13173E-01  1.74661E+01 -4.22103E-03  3.76946E-02  0.00000E+00
  3.500000E+00      255    9.55611E-01  1.96777E+00 -2.73816E+00 -7.70387E-01  8.05696E-02  2.06589E-01  1.82650E+01 -4.31985E-03  2.82944E-02  0.00000E+00
  3.500000E+00      251    9.55611E-01  1.45996E+00 -2.23096E+00 -7.70996E-01  8.04945E-02  2.06396E-01  1.90622E+01 -8.87069E-03  4.33082E-02  0.00000E+00
  3.500000E+00      720    3.01385E+00  5.71289E-01 -1.27542E+00 -7.04127E-01  9.10600E-02  2.33487E-01  2.45665E+01 -2.27906E-05  1.07058E-01  0.00000E+00
  3.500000E+00      721    3.01385E+00  6.98242E-01 -1.40261E+00 -7.04370E-01  9.10115E-02  2.33363E-01  2.48532E+01  1.50462E-04  1.06887E-01  0.00000E+00
  3.500000E+00      722    3.01385E+00  8.25195E-01 -1.53170E+00 -7.06509E-01  9.05887E-02  2.32279E-01  2.50506E+01 -1.99886E-03  1.06961E-01  0.00000E+00
  3.500000E+00     1349    5.66016E+00  2.72949E+00 -3.54015E+00 -8.10657E-01  3.99997E-01  9.99992E-01  1.46846E+01  1.23131E-01  1.92261E-01  0.00000E+00
  3.500000E+00     1351    5.66016E+00  2.98340E+00 -3.57447E+00 -5.91075E-01  1.26433E-01  3.24188E-01  1.37029E+01 -1.52358E-01  3.31518E-01  0.00000E+00
  3.500000E+00     1353    5.66016E+00  3.23730E+00 -3.72090E+00 -4.83591E-01  1.98563E-01  5.09137E-01  1.25864E+01 -2.86038E-02  3.85731E-01  0.00000E+00
  3.500000E+00     1354    5.66016E+00  3.36426E+00 -3.72386E+00 -3.59605E-01  3.20218E-01  8.21072E-01  1.19323E+01 -5.97554E-03  2.15083E-01  0.00000E+00
  3.500000E+00     1355    5.66016E+00  3.49121E+00 -3.72469E+00 -2.33476E-01  3.82764E-01  9.81446E-01  1.11831E+01  3.05464E-02  1.20054E-01  0.00000E+00
  3.500000E+00     1431    6.10121E+00  1.90430E-01 -8.83660E-01 -6.93231E-01  9.33242E-02  2.39293E-01  1.74955E+01 -9.63363E-05  1.08047E-01  0.00000E+00
  3.500000E+00     1433    6.10121E+00  4.44336E-01 -1.13793E+00 -6.93594E-01  9.32459E-02  2.39092E-01  1.77393E+01 -1.08901E-04  1.07943E-01  0.00000E+00
  3.500000E+00     1434    6.10121E+00  5.71289E-01 -1.26494E+00 -6.93652E-01  9.32332E-02  2.39059E-01  1.77888E+01 -1.18553E-04  1.07883E-01  0.00000E+00
  3.500000E+00     1436    6.10121E+00  8.25195E-01 -1.52145E+00 -6.96259E-01  9.26765E-02  2.37632E-01  1.77573E+01  1.80850E-05  1.07759E-01  0.00000E+00
  3.500000E+00      869    3.60192E+00  2.22168E+00 -3.22598E+00 -1.00430E+00  6.58952E-02  1.68962E-01  1.95797E+01  1.76372E-04 -8.14548E-04  0.00000E+00
  3.500000E+00      871    3.60192E+00  2.47559E+00 -3.33840E+00 -8.62816E-01  7.21095E-02  1.84896E-01  1.81132E+01  4.87480E-04  3.45546E-03  0.00000E+00
  3.500000E+00      872    3.60192E+00  2.60254E+00 -3.43387E+00 -8.31329E-01  7.44223E-02  1.90826E-01  1.73947E+01  5.49303E-04  7.16154E-03  0.00000E+00
  3.500000E+00      874    3.60192E+00  2.85645E+00 -3.64730E+00 -7.90857E-01  7.82111E-02  2.00541E-01  1.59723E+01  5.59201E-04  1.62758E-02  0.00000E+00
  3.500000E+00      876    3.60192E+00  3.11035E+00 -3.72317E+00 -6.12818E-01  1.17149E-01  3.00382E-01  1.45191E+01  1.79550E-04  1.80293E-02  0.00000E+00
  4.000000E+00      247    9.55611E-01  9.52148E-01 -1.64696E+00 -6.94815E-01  9.29835E-02  2.38419E-01  1.94510E+01  2.69461E-04  1.10378E-01  0.00000E+00
  4.000000E+00      249    9.55611E-01  1.20605E+00 -1.90627E+00 -7.00211E-01  9.18528E-02  2.35520E-01  1.93653E+01 -3.99601E-03  1.07911E-01  0.00000E+00
  4.000000E+00      253    9.55611E-01  1.71387E+00 -2.47391E+00 -7.60039E-01  8.18974E-02  2.09993E-01  1.87599E+01 -8.74238E-03  4.74207E-02  0.00000E+00
  4.000000E+00      256    9.55611E-01  2.09473E+00 -2.86225E+00 -7.67527E-01  8.09269E-02  2.07505E-01  1.80619E+01 -4.54164E-03  3.13297E-02  0.00000E+00
  4.000000E+00      258    9.55611E-01  2.34863E+00 -3.10726E+00 -7.58623E-01  8.20869E-02  2.10479E-01  1.74877E+01 -3.98678E-03  3.41424E-02  0.00000E+00
  4.000000E+00      255    9.55611E-01  1.96777E+00 -2.73743E+00 -7.69658E-01  8.06600E-02  2.06821E-01  1.83155E+01 -5.22000E-03  3.23616E-02  0.00000E+00
  4.000000E+00      251    9.55611E-01  1.45996E+00 -2.18636E+00 -7.26400E-01  8.69598E-02  2.22974E-01  1.91197E+01 -1.28235E-02  8.44844E-02  0.00000E+00
  4.000000E+00      720    3.01385E+00  5.71289E-01 -1.27490E+00 -7.03608E-01  9.11638E-02  2.33753E-01  2.41463E+01 -1.86616E-05  1.06950E-01  0.00000E+00
  4.000000E+00      721    3.01385E+00  6.98242E-01 -1.40209E+00 -7.03844E-01  9.11165E-02  2.33632E-01  2.44365E+01  1.56684E-04  1.06783E-01  0.00000E+00
  4.000000E+00      722    3.01385E+00  8.25195E-01 -1.53116E+00 -7.05966E-01  9.06955E-02  2.32553E-01  2.46458E+01 -1.98641E-03  1.06892E-01  0.00000E+00
  4.000000E+00     1349    5.66016E+00  2.72949E+00 -3.53753E+00 -8.08039E-01  3.99997E-01  9.99992E-01  1.47233E+01  1.27429E-01  1.99253E-01  0.00000E+00
  4.000000E+00     1351    5.66016E+00  2.98340E+00 -3.57297E+00 -5.89568E-01  1.27133E-01  3.25982E-01  1.37407E+01 -1.55898E-01  3.41844E-01  0.00000E+00
  4.000000E+00     1353    5.66016E+00  3.23730E+00 -3.72093E+00 -4.83630E-01  1.98529E-01  5.09048E-01  1.26144E+01 -3.00091E-02  3.96114E-01  0.00000E+00
  4.000000E+00     1354    5.66016E+00  3.36426E+00 -3.72398E+00 -3.59723E-01  3.20116E-01  8.20809E-01  1.19537E+01 -9.35695E-03  2.20760E-01  0.00000E+00
  4.000000E+00     1355    5.66016E+00  3.49121E+00 -3.72482E+00 -2.33614E-01  3.82740E-01  9.81383E-01  1.11972E+01  2.54309E-02  1.22919E-01  0.00000E+00
  4.000000E+00     1431    6.10121E+00  1.90430E-01 -8.83553E-01 -6.93124E-01  9.33474E-02  2.39352E-01  1.74221E+01 -1.04470E-04  1.08036E-01  0.00000E+00
  4.000000E+00     1433    6.10121E+00  4.44336E-01 -1.13784E+00 -6.93506E-01  9.32648E-02  2.39141E-01  1.76881E+01 -1.16536E-04  1.07970E-01  0.00000E+00
  4.000000E+00     1434    6.10121E+00  5.71289E-01 -1.26489E+00 -6.93605E-01  9.32434E-02  2.39086E-01  1.77541E+01 -1.24382E-04  1.07924E-01  0.00000E+00
  4.000000E+00     1436    6.10121E+00  8.25195E-01 -1.51870E+00 -6.93501E-01  9.32658E-02  2.39143E-01  1.77599E+01 -1.63272E-04  1.07831E-01  0.00000E+00
  4.000000E+00      869    3.60192E+00  2.22168E+00 -3.24170E+00 -1.02002E+00  6.54746E-02  1.67884E-01  1.96534E+01  1.42185E-04 -5.90349E-04  0.00000E+00
  4.000000E+00      871    3.60192E+00  2.47559E+00 -3.35430E+00 -8.78711E-01  7.11106E-02  1.82335E-01  1.82031E+01  3.95673E-04  2.71493E-03  0.00000E+00
  4.000000E+00      872    3.60192E+00  2.60254E+00 -3.44928E+00 -8.46738E-01  7.32304E-02  1.87770E-01  1.74820E+01  4.50137E-04  5.63585E-03  0.00000E+00
  4.000000E+00      874    3.60192E+00  2.85645E+00 -3.66080E+00 -8.04356E-01  7.68294E-02  1.96999E-01  1.60356E+01  4.42856E-04  1.28809E-02  0.00000E+00
  4.000000E+00      876    3.60192E+00  3.11035E+00 -3.72399E+00 -6.13636E-01  1.16828E-01  2.99558E-01  1.45421E+01  1.01212E-04  1.36371E-02  0.00000E+00
  4.500000E+00      247    9.55611E-01  9.52148E-01 -1.64682E+00 -6.94669E-01  9.30149E-02  2.38500E-01  1.94292E+01  2.87030E-04  1.10360E-01  0.00000E+00
  4.500000E+00      249    9.55611E-01  1.20605E+00 -1.90121E+00 -6.95154E-01  9.29112E-02  2.38234E-01  1.93741E+01 -2.06056E-04  1.10316E-01  0.00000E+00
  4.500000E+00      253    9.55611E-01  1.71387E+00 -2.43944E+00 -7.25569E-01  8.71010E-02  2.23336E-01  1.88010E+01 -1.16203E-02  8.08436E-02  0.00000E+00
  4.500000E+00      256    9.55611E-01  2.09473E+00 -2.85235E+00 -7.57620E-01  8.22221E-02  2.10826E-01  1.80820E+01 -6.64514E-03  4.24995E-02  0.00000E+00
  4.500000E+00      258    9.55611E-01  2.34863E+00 -3.10825E+00 -7.59620E-01  8.19532E-02  2.10136E-01  1.74844E+01 -4.63781E-03  3.59899E-02  0.00000E+00
  4.500000E+00      255    9.55611E-01  1.96777E+00 -2.71851E+00 -7.50737E-01  8.31772E-02  2.13275E-01  1.83436E+01 -8.47543E-03  5.14098E-02  0.00000E+00
  4.500000E+00      251    9.55611E-01  1.45996E+00 -2.16277E+00 -7.02810E-01  9.13239E-02  2.34164E-01  1.91580E+01 -6.01744E-03  1.04891E-01  0.00000E+00
  4.500000E+00      720    3.01385E+00  5.71289E-01 -1.27439E+00 -7.03103E-01  9.12651E-02  2.34013E-01  2.37510E+01 -1.49973E-05  1.06851E-01  0.00000E+00
  4.500000E+00      721    3.01385E+00  6.98242E-01 -1.40159E+00 -7.03351E-01  9.12152E-02  2.33885E-01  2.40427E+01  1.61694E-04  1.06708E-01  0.00000E+00
  4.500000E+00      722    3.01385E+00  8.25195E-01 -1.53065E+00 -7.05454E-01  9.07964E-02  2.32811E-01  2.42607E+01 -1.97258E-03  1.06810E-01  0.00000E+00
  4.500000E+00     1349    5.66016E+00  2.72949E+00 -3.53345E+00 -8.03957E-01  3.99997E-01  9.99993E-01  1.47670E+01  1.33418E-01  2.09535E-01  0.00000E+00
  4.500000E+00     1351    5.66016E+00  2.98340E+00 -3.57058E+00 -5.87177E-01  1.28259E-01  3.28868E-01  1.37854E+01 -1.60941E-01  3.57663E-01  0.00000E+00
  4.500000E+00     1353    5.66016E+00  3.23730E+00 -3.72072E+00 -4.83411E-01  1.98725E-01  5.09550E-01  1.26498E+01 -3.15069E-02  4.13779E-01  0.00000E+00
  4.500000E+00     1354    5.66016E+00  3.36426E+00 -3.72390E+00 -3.59638E-01  3.20189E-01  8.20998E-01  1.19829E+01 -1.13694E-02  2.30889E-01  0.00000E+00
  4.500000E+00     1355    5.66016E+00  3.49121E+00 -3.72478E+00 -2.33566E-01  3.82748E-01  9.81405E-01  1.12193E+01  2.32542E-02  1.28511E-01  0.00000E+00
  4.500000E+00     1431    6.10121E+00  1.90430E-01 -8.83468E-01 -6.93038E-01  9.33659E-02  2.39400E-01  1.73634E+01 -1.08736E-04  1.08026E-01  0.00000E+00
  4.500000E+00     1433    6.10121E+00  4.44336E-01 -1.13778E+00 -6.93439E-01  9.32791E-02  2.39177E-01  1.76455E+01 -1.19799E-04  1.07981E-01  0.00000E+00
  4.500000E+00     1434    6.10121E+00  5.71289E-01 -1.26484E+00 -6.93553E-01  9.32546E-02  2.39114E-01  1.77248E+01 -1.26843E-04  1.07945E-01  0.00000E+00
  4.500000E+00     1436    6.10121E+00  8.25195E-01 -1.51880E+00 -6.93606E-01  9.32431E-02  2.39085E-01  1.77647E+01 -1.42702E-04  1.07855E-01  0.00000E+00
  4.500000E+00      869    3.60192E+00  2.22168E+00 -3.25451E+00 -1.03283E+00  6.51583E-02  1.67073E-01  1.96870E+01  1.18499E-04 -4.40950E-04  0.00000E+00
  4.500000E+00      871    3.60192E+00  2.47559E+00 -3.36787E+00 -8.92285E-01  7.03346E-02  1.80345E-01  1.82529E+01  3.30559E-04  2.21832E-03  0.00000E+00
  4.500000E+00      872    3.60192E+00  2.60254E+00 -3.46249E+00 -8.59950E-01  7.23008E-02  1.85387E-01  1.75313E+01  3.79011E-04  4.60054E-03  0.00000E+00
  4.500000E+00      874    3.60192E+00  2.85645E+00 -3.67136E+00 -8.14918E-01  7.58341E-02  1.94447E-01  1.60698E+01  3.56969E-04  1.05419E-02  0.00000E+00
  4.500000E+00      876    3.60192E+00  3.11035E+00 -3.72441E+00 -6.14058E-01  1.16663E-01  2.99136E-01  1.45490E+01  4.16029E-05  1.07035E-02  0.00000E+00
  5.000000E+00      247    9.55611E-01  9.52148E-01 -1.64679E+00 -6.94639E-01  9.30213E-02  2.38516E-01  1.93947E+01  2.49141E-04  1.10345E-01  0.00000E+00
  5.000000E+00      249    9.55611E-01  1.20605E+00 -1.90056E+00 -6.94508E-01  9.30494E-02  2.38588E-01  1.93579E+01  2.70708E-04  1.10440E-01  0.00000E+00
  5.000000E+00      253    9.55611E-01  1.71387E+00 -2.41762E+00 -7.03749E-01  9.11355E-02  2.33681E-01  1.88282E+01 -6.78672E-03  1.02673E-01  0.00000E+00
  5.000000E+00      256    9.55611E-01  2.09473E+00 -2.82953E+00 -7.34802E-01  8.55780E-02  2.19431E-01  1.80960E+01 -9.96193E-03  6.63635E-02  0.00000E+00
  5.000000E+00      258    9.55611E-01  2.34863E+00 -3.09912E+00 -7.50491E-01  8.32122E-02  2.13365E-01  1.74708E+01 -6.61813E-03  4.65339E-02  0.00000E+00
  5.000000E+00      255    9.55611E-01  1.96777E+00 -2.69124E+00 -7.23466E-01  8.74624E-02  2.24262E-01  1.83675E+01 -1.08661E-02  8.00633E-02  0.00000E+00
  5.000000E+00      251    9.55611E-01  1.45996E+00 -2.15541E+00 -6.95453E-01  9.28475E-02  2.38070E-01  1.91645E+01 -8.40175E-04  1.09976E-01  0.00000E+00
  5.000000E+00      720    3.01385E+00  5.71289E-01 -1.27393E+00 -7.02640E-01  9.13582E-02  2.34252E-01  2.33796E+01 -1.14732E-05  1.06754E-01  0.00000E+00
  5.000000E+00      721    3.01385E+00  6.98242E-01 -1.40112E+00 -7.02882E-01  9.13095E-02  2.34127E-01  2.36717E+01  1.67022E-04  1.06610E-01  0.00000E+00
  5.000000E+00      722    3.01385E+00  8.25195E-01 -1.53015E+00 -7.04954E-01  9.08954E-02  2.33065E-01  2.38962E+01 -1.95826E-03  1.06737E-01  0.00000E+00
  5.000000E+00     1349    5.66016E+00  2.72949E+00 -3.52985E+00 -8.00357E-01  3.99997E-01  9.99993E-01  1.48141E+01  1.38638E-01  2.18725E-01  0.00000E+00
  5.000000E+00     1351    5.66016E+00  2.98340E+00 -3.56848E+00 -5.85078E-01  1.29263E-01  3.31443E-01  1.38347E+01 -1.65114E-01  3.71814E-01  0.00000E+00
  5.000000E+00     1353    5.66016E+00  3.23730E+00 -3.72044E+00 -4.83139E-01  1.98967E-01  5.10172E-01  1.26921E+01 -3.26480E-02  4.30404E-01  0.00000E+00
  5.000000E+00     1354    5.66016E+00  3.36426E+00 -3.72375E+00 -3.59493E-01  3.20315E-01  8.21320E-01  1.20194E+01 -1.23389E-02  2.40627E-01  0.00000E+00
  5.000000E+00     1355    5.66016E+00  3.49121E+00 -3.72467E+00 -2.33458E-01  3.82767E-01  9.81453E-01  1.12486E+01  2.27265E-02  1.34047E-01  0.00000E+00
  5.000000E+00     1431    6.10121E+00  1.90430E-01 -8.83399E-01 -6.92969E-01  9.33808E-02  2.39438E-01  1.73149E+01 -1.10281E-04  1.08017E-01  0.00000E+00
  5.000000E+00     1433    6.10121E+00  4.44336E-01 -1.13772E+00 -6.93381E-01  9.32916E-02  2.39209E-01  1.76094E+01 -1.20742E-04  1.07990E-01  0.00000E+00
  5.000000E+00     1434    6.10121E+00  5.71289E-01 -1.26480E+00 -6.93507E-01  9.32644E-02  2.39140E-01  1.76987E+01 -1.26993E-04  1.07964E-01  0.00000E+00
  5.000000E+00     1436    6.10121E+00  8.25195E-01 -1.51880E+00 -6.93600E-01  9.32444E-02  2.39088E-01  1.77616E+01 -1.40463E-04  1.07886E-01  0.00000E+00
  5.000000E+00      869    3.60192E+00  2.22168E+00 -3.26557E+00 -1.04389E+00  6.49028E-02  1.66417E-01  1.96882E+01  1.00753E-04 -3.38763E-04  0.00000E+00
  5.000000E+00      871    3.60192E+00  2.47559E+00 -3.38002E+00 -9.04430E-01  6.96944E-02  1.78704E-01  1.82711E+01  2.81097E-04  1.85686E-03  0.00000E+00
  5.000000E+00      872    3.60192E+00  2.60254E+00 -3.47435E+00 -8.71813E-01  7.15316E-02  1.83414E-01  1.75513E+01  3.24530E-04  3.84097E-03  0.00000E+00
  5.000000E+00      874    3.60192E+00  2.85645E+00 -3.67991E+00 -8.23469E-01  7.50790E-02  1.92510E-01  1.60817E+01  2.91228E-04  8.80501E-03  0.00000E+00
  5.000000E+00      876    3.60192E+00  3.11035E+00 -3.72462E+00 -6.14268E-01  1.16581E-01  2.98926E-01  1.45432E+01 -3.21044E-06  8.57463E-03  0.00000E+00
  5.500000E+00      247    9.55611E-01  9.52148E-01 -1.64674E+00 -6.94589E-01  9.30320E-02  2.38544E-01  1.93517E+01  2.19532E-04  1.10333E-01  0.00000E+00
  5.500000E+00      249    9.55611E-01  1.20605E+00 -1.90053E+00 -6.94471E-01  9.30571E-02  2.38608E-01  1.93316E+01  2.39748E-04  1.10418E-01  0.00000E+00
  5.500000E+00      253    9.55611E-01  1.71387E+00 -2.40947E+00 -6.95600E-01  9.28162E-02  2.37990E-01  1.88329E+01 -1.50272E-03  1.09445E-01  0.00000E+00
  5.500000E+00      256    9.55611E-01  2.09473E+00 -2.80652E+00 -7.11794E-01  8.95723E-02  2.29672E-01  1.81006E+01 -9.48372E-03  9.16149E-02  0.00000E+00
  5.500000E+00      258    9.55611E-01  2.34863E+00 -3.07948E+00 -7.30844E-01  8.62185E-02  2.21073E-01  1.74522E+01 -9.41781E-03  6.78145E-02  0.00000E+00
  5.500000E+00      255    9.55611E-01  1.96777E+00 -2.67175E+00 -7.03981E-01  9.10890E-02  2.33562E-01  1.83769E+01 -7.13461E-03  1.00918E-01  0.00000E+00
  5.500000E+00      251    9.55611E-01  1.45996E+00 -2.15419E+00 -6.94225E-01  9.31100E-02  2.38744E-01  1.91545E+01  2.13183E-04  1.10446E-01  0.00000E+00
  5.500000E+00      720    3.01385E+00  5.71289E-01 -1.27348E+00 -7.02192E-01  9.14490E-02  2.34484E-01  2.30313E+01 -8.41192E-06  1.06657E-01  0.00000E+00
  5.500000E+00      721    3.01385E+00  6.98242E-01 -1.40067E+00 -7.02431E-01  9.14005E-02  2.34360E-01  2.33225E+01  1.71392E-04  1.06541E-01  0.00000E+00
  5.500000E+00      722    3.01385E+00  8.25195E-01 -1.52968E+00 -7.04480E-01  9.09896E-02  2.33307E-01  2.35511E+01 -1.94590E-03  1.06678E-01  0.00000E+00
  5.500000E+00     1349    5.66016E+00  2.72949E+00 -3.52692E+00 -7.97428E-01  3.99997E-01  9.99993E-01  1.48626E+01  1.42981E-01  2.26513E-01  0.00000E+00
  5.500000E+00     1351    5.66016E+00  2.98340E+00 -3.56680E+00 -5.83399E-01  1.30077E-01  3.33530E-01  1.38852E+01 -1.68468E-01  3.83692E-01  0.00000E+00
  5.500000E+00     1353    5.66016E+00  3.23730E+00 -3.72019E+00 -4.82882E-01  1.99197E-01  5.10763E-01  1.27376E+01 -3.34698E-02  4.44307E-01  0.00000E+00
  5.500000E+00     1354    5.66016E+00  3.36426E+00 -3.72360E+00 -3.59340E-01  3.20447E-01  8.21660E-01  1.20600E+01 -1.26483E-02  2.48817E-01  0.00000E+00
  5.500000E+00     1355    5.66016E+00  3.49121E+00 -3.72455E+00 -2.33336E-01  3.82788E-01  9.81508E-01  1.12824E+01  2.31243E-02  1.38754E-01  0.00000E+00
  5.500000E+00     1431    6.10121E+00  1.90430E-01 -8.83339E-01 -6.92909E-01  9.33938E-02  2.39471E-01  1.72731E+01 -1.09721E-04  1.08007E-01  0.00000E+00
  5.500000E+00     1433    6.10121E+00  4.44336E-01 -1.13767E+00 -6.93331E-01  9.33025E-02  2.39237E-01  1.75764E+01 -1.19642E-04  1.07996E-01  0.00000E+00
  5.500000E+00     1434    6.10121E+00  5.71289E-01 -1.26476E+00 -6.93467E-01  9.32733E-02  2.39162E-01  1.76729E+01 -1.25337E-04  1.07975E-01  0.00000E+00
  5.500000E+00     1436    6.10121E+00  8.25195E-01 -1.51878E+00 -6.93583E-01  9.32482E-02  2.39098E-01  1.77538E+01 -1.37468E-04  1.07905E-01  0.00000E+00
  5.500000E+00      869    3.60192E+00  2.22168E+00 -3.27521E+00 -1.05353E+00  6.46925E-02  1.65878E-01  1.96635E+01  8.71025E-05 -2.66263E-04  0.00000E+00
  5.500000E+00      871    3.60192E+00  2.47559E+00 -3.39092E+00 -9.15330E-01  6.91598E-02  1.77333E-01  1.82640E+01  2.42737E-04  1.58658E-03  0.00000E+00
  5.500000E+00      872    3.60192E+00  2.60254E+00 -3.48503E+00 -8.82495E-01  7.08875E-02  1.81763E-01  1.75474E+01  2.81967E-04  3.26962E-03  0.00000E+00
  5.500000E+00      874    3.60192E+00  2.85645E+00 -3.68673E+00 -8.30281E-01  7.45079E-02  1.91046E-01  1.60753E+01  2.40769E-04  7.48403E-03  0.00000E+00
  5.500000E+00      876    3.60192E+00  3.11035E+00 -3.72470E+00 -6.14345E-01  1.16551E-01  2.98848E-01  1.45269E+01 -3.37063E-05  7.01123E-03  0.00000E+00
  6.000000E+00      247    9.55611E-01  9.52148E-01 -1.64668E+00 -6.94527E-01  9.30451E-02  2.38577E-01  1.93025E+01  1.91804E-04  1.10320E-01  0.00000E+00
  6.000000E+00      249    9.55611E-01  1.20605E+00 -1.90049E+00 -6.94435E-01  9.30650E-02  2.38628E-01  1.92971E+01  2.06357E-04  1.10407E-01  0.00000E+00
  6.000000E+00      253    9.55611E-01  1.71387E+00 -2.40777E+00 -6.93904E-01  9.31791E-02  2.38921E-01  1.88243E+01  2.34335E-05  1.10338E-01  0.00000E+00
  6.000000E+00      256    9.55611E-01  2.09473E+00 -2.79384E+00 -6.99114E-01  9.20791E-02  2.36100E-01  1.80937E+01 -4.74275E-03  1.04880E-01  0.00000E+00
  6.000000E+00      258    9.55611E-01  2.34863E+00 -3.05978E+00 -7.11146E-01  8.96948E-02  2.29987E-01  1.74285E+01 -8.92801E-03  8.97987E-02  0.00000E+00
  6.000000E+00      255    9.55611E-01  1.96777E+00 -2.66369E+00 -6.95915E-01  9.27494E-02  2.37819E-01  1.83725E+01 -2.33940E-03  1.08393E-01  0.00000E+00
  6.000000E+00      251    9.55611E-01  1.45996E+00 -2.15410E+00 -6.94144E-01  9.31274E-02  2.38788E-01  1.91346E+01  2.27523E-04  1.10431E-01  0.00000E+00
  6.000000E+00      720    3.01385E+00  5.71289E-01 -1.27307E+00 -7.01777E-01  9.15329E-02  2.34700E-01  2.27025E+01 -5.64617E-06  1.06577E-01  0.00000E+00
  6.000000E+00      721    3.01385E+00  6.98242E-01 -1.40026E+00 -7.02017E-01  9.14843E-02  2.34575E-01  2.29918E+01  1.75279E-04  1.06453E-01  0.00000E+00
  6.000000E+00      722    3.01385E+00  8.25195E-01 -1.52924E+00 -7.04044E-01  9.10765E-02  2.33529E-01  2.32229E+01 -1.93529E-03  1.06594E-01  0.00000E+00
  6.000000E+00     1349    5.66016E+00  2.72949E+00 -3.52504E+00 -7.95549E-01  3.99997E-01  9.99993E-01  1.49104E+01  1.45809E-01  2.31691E-01  0.00000E+00
  6.000000E+00     1351    5.66016E+00  2.98340E+00 -3.56573E+00 -5.82328E-01  1.30602E-01  3.34876E-01  1.39354E+01 -1.70589E-01  3.91540E-01  0.00000E+00
  6.000000E+00     1353    5.66016E+00  3.23730E+00 -3.71999E+00 -4.82687E-01  1.99373E-01  5.11212E-01  1.27840E+01 -3.39261E-02  4.53727E-01  0.00000E+00
  6.000000E+00     1354    5.66016E+00  3.36426E+00 -3.72347E+00 -3.59213E-01  3.20557E-01  8.21941E-01  1.21022E+01 -1.24877E-02  2.54424E-01  0.00000E+00
  6.000000E+00     1355    5.66016E+00  3.49121E+00 -3.72444E+00 -2.33230E-01  3.82807E-01  9.81556E-01  1.13182E+01  2.40081E-02  1.42020E-01  0.00000E+00
  6.000000E+00     1431    6.10121E+00  1.90430E-01 -8.83287E-01 -6.92857E-01  9.34051E-02  2.39500E-01  1.72351E+01 -1.07692E-04  1.07999E-01  0.00000E+00
  6.000000E+00     1433    6.10121E+00  4.44336E-01 -1.13762E+00 -6.93287E-01  9.33120E-02  2.39262E-01  1.75448E+01 -1.17109E-04  1.07993E-01  0.00000E+00
  6.000000E+00     1434    6.10121E+00  5.71289E-01 -1.26472E+00 -6.93429E-01  9.32814E-02  2.39183E-01  1.76470E+01 -1.22354E-04  1.07976E-01  0.00000E+00
  6.000000E+00     1436    6.10121E+00  8.25195E-01 -1.51876E+00 -6.93564E-01  9.32523E-02  2.39108E-01  1.77426E+01 -1.33302E-04  1.07916E-01  0.00000E+00
  6.000000E+00      869    3.60192E+00  2.22168E+00 -3.28368E+00 -1.06200E+00  6.45165E-02  1.65427E-01  1.96175E+01  7.64195E-05 -2.15703E-04  0.00000E+00
  6.000000E+00      871    3.60192E+00  2.47559E+00 -3.40069E+00 -9.25101E-01  6.87104E-02  1.76180E-01  1.82362E+01  2.12548E-04  1.38040E-03  0.00000E+00
  6.000000E+00      872    3.60192E+00  2.60254E+00 -3.49464E+00 -8.92102E-01  7.03446E-02  1.80371E-01  1.75241E+01  2.48247E-04  2.83205E-03  0.00000E+00
  6.000000E+00      874    3.60192E+00  2.85645E+00 -3.69207E+00 -8.35628E-01  7.40774E-02  1.89942E-01  1.60541E+01  2.02107E-04  6.46216E-03  0.00000E+00
  6.000000E+00      876    3.60192E+00  3.11035E+00 -3.72469E+00 -6.14341E-01  1.16553E-01  2.98853E-01  1.45021E+01 -5.07713E-05  5.85524E-03  0.00000E+00
  6.500000E+00      247    9.55611E-01  9.52148E-01 -1.64661E+00 -6.94461E-01  9.30594E-02  2.38614E-01  1.92487E+01  1.65847E-04  1.10303E-01  0.00000E+00
  6.500000E+00      249    9.55611E-01  1.20605E+00 -1.90044E+00 -6.94386E-01  9.30755E-02  2.38655E-01  1.92559E+01  1.76791E-04  1.10393E-01  0.00000E+00
  6.500000E+00      253    9.55611E-01  1.71387E+00 -2.40754E+00 -6.93673E-01  9.32287E-02  2.39048E-01  1.88038E+01  1.97830E-04  1.10373E-01  0.00000E+00
  6.500000E+00      256    9.55611E-01  2.09473E+00 -2.78906E+00 -6.94330E-01  9.30875E-02  2.38686E-01  1.80745E+01 -1.34249E-03  1.09092E-01  0.00000E+00
  6.500000E+00      258    9.55611E-01  2.34863E+00 -3.04805E+00 -6.99414E-01  9.20169E-02  2.35941E-01  1.73994E+01 -5.14945E-03  1.02752E-01  0.00000E+00
  6.500000E+00      255    9.55611E-01  1.96777E+00 -2.66136E+00 -6.93583E-01  9.32481E-02  2.39098E-01  1.83546E+01 -3.25569E-04  1.10005E-01  0.00000E+00
  6.500000E+00      251    9.55611E-01  1.45996E+00 -2.15408E+00 -6.94116E-01  9.31334E-02  2.38804E-01  1.91057E+01  1.91344E-04  1.10415E-01  0.00000E+00
  6.500000E+00      720    3.01385E+00  5.71289E-01 -1.27267E+00 -7.01381E-01  9.16134E-02  2.34906E-01  2.23917E+01 -3.12394E-06  1.06500E-01  0.00000E+00
  6.500000E+00      721    3.01385E+00  6.98242E-01 -1.39986E+00 -7.01623E-01  9.15643E-02  2.34780E-01  2.26786E+01  1.78796E-04  1.06375E-01  0.00000E+00
  6.500000E+00      722    3.01385E+00  8.25195E-01 -1.52883E+00 -7.03635E-01  9.11583E-02  2.33739E-01  2.29107E+01 -1.92601E-03  1.06513E-01  0.00000E+00
  6.500000E+00     1349    5.66016E+00  2.72949E+00 -3.52375E+00 -7.94262E-01  3.99997E-01  9.99993E-01  1.49555E+01  1.47733E-01  2.35463E-01  0.00000E+00
  6.500000E+00     1351    5.66016E+00  2.98340E+00 -3.56500E+00 -5.81605E-01  1.30958E-01  3.35790E-01  1.39832E+01 -1.72106E-01  3.97133E-01  0.00000E+00
  6.500000E+00     1353    5.66016E+00  3.23730E+00 -3.71984E+00 -4.82537E-01  1.99507E-01  5.11555E-01  1.28289E+01 -3.42026E-02  4.60335E-01  0.00000E+00
  6.500000E+00     1354    5.66016E+00  3.36426E+00 -3.72337E+00 -3.59111E-01  3.20646E-01  8.22168E-01  1.21436E+01 -1.21537E-02  2.58351E-01  0.00000E+00
  6.500000E+00     1355    5.66016E+00  3.49121E+00 -3.72435E+00 -2.33142E-01  3.82822E-01  9.81595E-01  1.13539E+01  2.50242E-02  1.44309E-01  0.00000E+00
  6.500000E+00     1431    6.10121E+00  1.90430E-01 -8.83238E-01 -6.92809E-01  9.34156E-02  2.39527E-01  1.71992E+01 -1.04730E-04  1.07990E-01  0.00000E+00
  6.500000E+00     1433    6.10121E+00  4.44336E-01 -1.13758E+00 -6.93245E-01  9.33210E-02  2.39285E-01  1.75140E+01 -1.13717E-04  1.07987E-01  0.00000E+00
  6.500000E+00     1434    6.10121E+00  5.71289E-01 -1.26468E+00 -6.93393E-01  9.32891E-02  2.39203E-01  1.76207E+01 -1.18575E-04  1.07973E-01  0.00000E+00
  6.500000E+00     1436    6.10121E+00  8.25195E-01 -1.51874E+00 -6.93544E-01  9.32565E-02  2.39119E-01  1.77286E+01 -1.28540E-04  1.07920E-01  0.00000E+00
  6.500000E+00      869    3.60192E+00  2.22168E+00 -3.29127E+00 -1.06959E+00  6.43656E-02  1.65040E-01  1.95546E+01  6.78194E-05 -1.78067E-04  0.00000E+00
  6.500000E+00      871    3.60192E+00  2.47559E+00 -3.40956E+00 -9.33969E-01  6.83250E-02  1.75192E-01  1.81919E+01  1.88202E-04  1.21813E-03  0.00000E+00
  6.500000E+00      872    3.60192E+00  2.60254E+00 -3.50339E+00 -9.00847E-01  6.98782E-02  1.79175E-01  1.74856E+01  2.20888E-04  2.48710E-03  0.00000E+00
  6.500000E+00      874    3.60192E+00  2.85645E+00 -3.69633E+00 -8.39887E-01  7.37454E-02  1.89091E-01  1.60212E+01  1.72076E-04  5.64964E-03  0.00000E+00
  6.500000E+00      876    3.60192E+00  3.11035E+00 -3.72464E+00 -6.14293E-01  1.16571E-01  2.98900E-01  1.44706E+01 -5.85233E-05  4.97349E-03  0.00000E+00
  7.000000E+00      247    9.55611E-01  9.52148E-01 -1.64654E+00 -6.94389E-01  9.30749E-02  2.38654E-01  1.91912E+01  1.41356E-04  1.10287E-01  0.00000E+00
  7.000000E+00      249    9.55611E-01  1.20605E+00 -1.90038E+00 -6.94329E-01  9.30876E-02  2.38686E-01  1.92089E+01  1.49292E-04  1.10377E-01  0.00000E+00
  7.000000E+00      253    9.55611E-01  1.71387E+00 -2.40750E+00 -6.93632E-01  9.32375E-02  2.39070E-01  1.87734E+01  1.75805E-04  1.10346E-01  0.00000E+00
  7.000000E+00      256    9.55611E-01  2.09473E+00 -2.78766E+00 -6.92935E-01  9.33883E-02  2.39457E-01  1.80440E+01 -1.02825E-04  1.09984E-01  0.00000E+00
  7.000000E+00      258    9.55611E-01  2.34863E+00 -3.04276E+00 -6.94124E-01  9.31317E-02  2.38799E-01  1.73627E+01 -1.87084E-03  1.07995E-01  0.00000E+00
  7.000000E+00      255    9.55611E-01  1.96777E+00 -2.66085E+00 -6.93073E-01  9.33583E-02  2.39380E-01  1.83255E+01  1.28795E-04  1.10202E-01  0.00000E+00
  7.000000E+00      251    9.55611E-01  1.45996E+00 -2.15404E+00 -6.94076E-01  9.31420E-02  2.38826E-01  1.90687E+01  1.60740E-04  1.10397E-01  0.00000E+00
  7.000000E+00      720    3.01385E+00  5.71289E-01 -1.27230E+00 -7.01009E-01  9.16894E-02  2.35101E-01  2.20979E+01 -1.00818E-06  1.06415E-01  0.00000E+00
  7.000000E+00      721    3.01385E+00  6.98242E-01 -1.39948E+00 -7.01241E-01  9.16421E-02  2.34980E-01  2.23818E+01  1.81742E-04  1.06294E-01  0.00000E+00
  7.000000E+00      722    3.01385E+00  8.25195E-01 -1.52843E+00 -7.03236E-01  9.12383E-02  2.33944E-01  2.26142E+01 -1.91860E-03  1.06448E-01  0.00000E+00
  7.000000E+00     1349    5.66016E+00  2.72949E+00 -3.52272E+00 -7.93225E-01  3.99997E-01  9.99993E-01  1.49972E+01  1.48952E-01  2.38758E-01  0.00000E+00
  7.000000E+00     1351    5.66016E+00  2.98340E+00 -3.56442E+00 -5.81024E-01  1.31246E-01  3.36527E-01  1.40281E+01 -1.73397E-01  4.01732E-01  0.00000E+00
  7.000000E+00     1353    5.66016E+00  3.23730E+00 -3.71971E+00 -4.82408E-01  1.99622E-01  5.11853E-01  1.28716E+01 -3.44213E-02  4.65773E-01  0.00000E+00
  7.000000E+00     1354    5.66016E+00  3.36426E+00 -3.72328E+00 -3.59019E-01  3.20725E-01  8.22372E-01  1.21833E+01 -1.17889E-02  2.61579E-01  0.00000E+00
  7.000000E+00     1355    5.66016E+00  3.49121E+00 -3.72427E+00 -2.33061E-01  3.82836E-01  9.81631E-01  1.13883E+01  2.60420E-02  1.46192E-01  0.00000E+00
  7.000000E+00     1431    6.10121E+00  1.90430E-01 -8.83192E-01 -6.92762E-01  9.34258E-02  2.39553E-01  1.71645E+01 -1.01221E-04  1.07979E-01  0.00000E+00
  7.000000E+00     1433    6.10121E+00  4.44336E-01 -1.13754E+00 -6.93203E-01  9.33302E-02  2.39308E-01  1.74831E+01 -1.09719E-04  1.07982E-01  0.00000E+00
  7.000000E+00     1434    6.10121E+00  5.71289E-01 -1.26465E+00 -6.93356E-01  9.32971E-02  2.39223E-01  1.75936E+01 -1.14259E-04  1.07971E-01  0.00000E+00
  7.000000E+00     1436    6.10121E+00  8.25195E-01 -1.51872E+00 -6.93522E-01  9.32612E-02  2.39131E-01  1.77121E+01 -1.23462E-04  1.07921E-01  0.00000E+00
  7.000000E+00      869    3.60192E+00  2.22168E+00 -3.29817E+00 -1.07649E+00  6.42335E-02  1.64701E-01  1.94780E+01  6.07220E-05 -1.49065E-04  0.00000E+00
  7.000000E+00      871    3.60192E+00  2.47559E+00 -3.41771E+00 -9.42121E-01  6.79887E-02  1.74330E-01  1.81347E+01  1.68139E-04  1.08695E-03  0.00000E+00
  7.000000E+00      872    3.60192E+00  2.60254E+00 -3.51144E+00 -9.08905E-01  6.94705E-02  1.78130E-01  1.74349E+01  1.98218E-04  2.20815E-03  0.00000E+00
  7.000000E+00      874    3.60192E+00  2.85645E+00 -3.69978E+00 -8.43335E-01  7.34833E-02  1.88419E-01  1.59791E+01  1.48380E-04  4.98763E-03  0.00000E+00
  7.000000E+00      876    3.60192E+00  3.11035E+00 -3.72458E+00 -6.14225E-01  1.16598E-01  2.98968E-01  1.44337E+01 -6.13667E-05  4.28185E-03  0.00000E+00
  7.500000E+00      247    9.55611E-01  9.52148E-01 -1.64646E+00 -6.94313E-01  9.30911E-02  2.38695E-01  1.91303E+01  1.18675E-04  1.10266E-01  0.00000E+00
  7.500000E+00      249    9.55611E-01  1.20605E+00 -1.90032E+00 -6.94266E-01  9.31011E-02  2.38721E-01  1.91566E+01  1.23992E-04  1.10357E-01  0.00000E+00
  7.500000E+00      253    9.55611E-01  1.71387E+00 -2.40746E+00 -6.93593E-01  9.32460E-02  2.39092E-01  1.87353E+01  1.45420E-04  1.10321E-01  0.00000E+00
  7.500000E+00      256    9.55611E-01  2.09473E+00 -2.78736E+00 -6.92636E-01  9.34531E-02  2.39623E-01  1.80071E+01  1.29993E-04  1.10070E-01  0.00000E+00
  7.500000E+00      258    9.55611E-01  2.34863E+00 -3.04095E+00 -6.92316E-01  9.35227E-02  2.39802E-01  1.73212E+01 -3.97529E-04  1.09411E-01  0.00000E+00
  7.500000E+00      255    9.55611E-01  1.96777E+00 -2.66075E+00 -6.92978E-01  9.33790E-02  2.39433E-01  1.82892E+01  1.57192E-04  1.10184E-01  0.00000E+00
  7.500000E+00      251    9.55611E-01  1.45996E+00 -2.15399E+00 -6.94026E-01  9.31528E-02  2.38853E-01  1.90248E+01  1.33193E-04  1.10376E-01  0.00000E+00
  7.500000E+00      720    3.01385E+00  5.71289E-01 -1.27192E+00 -7.00630E-01  9.17670E-02  2.35300E-01  2.18185E+01  1.04447E-06  1.06340E-01  0.00000E+00
  7.500000E+00      721    3.01385E+00  6.98242E-01 -1.39911E+00 -7.00869E-01  9.17180E-02  2.35174E-01  2.20991E+01  1.84658E-04  1.06258E-01  0.00000E+00
  7.500000E+00      722    3.01385E+00  8.25195E-01 -1.52806E+00 -7.02861E-01  9.13137E-02  2.34138E-01  2.23309E+01 -1.91146E-03  1.06397E-01  0.00000E+00
  7.500000E+00     1349    5.66016E+00  2.72949E+00 -3.52175E+00 -7.92258E-01  3.99997E-01  9.99993E-01  1.50372E+01  1.49427E-01  2.41818E-01  0.00000E+00
  7.500000E+00     1351    5.66016E+00  2.98340E+00 -3.56388E+00 -5.80484E-01  1.31514E-01  3.37217E-01  1.40693E+01 -1.74777E-01  4.06207E-01  0.00000E+00
  7.500000E+00     1353    5.66016E+00  3.23730E+00 -3.71959E+00 -4.82284E-01  1.99734E-01  5.12140E-01  1.29120E+01 -3.46884E-02  4.70780E-01  0.00000E+00
  7.500000E+00     1354    5.66016E+00  3.36426E+00 -3.72319E+00 -3.58928E-01  3.20804E-01  8.22573E-01  1.22211E+01 -1.15781E-02  2.64527E-01  0.00000E+00
  7.500000E+00     1355    5.66016E+00  3.49121E+00 -3.72419E+00 -2.32981E-01  3.82850E-01  9.81667E-01  1.14214E+01  2.68515E-02  1.47927E-01  0.00000E+00
  7.500000E+00     1431    6.10121E+00  1.90430E-01 -8.83143E-01 -6.92713E-01  9.34364E-02  2.39581E-01  1.71300E+01 -9.70936E-05  1.07970E-01  0.00000E+00
  7.500000E+00     1433    6.10121E+00  4.44336E-01 -1.13750E+00 -6.93162E-01  9.33392E-02  2.39331E-01  1.74518E+01 -1.05419E-04  1.07977E-01  0.00000E+00
  7.500000E+00     1434    6.10121E+00  5.71289E-01 -1.26461E+00 -6.93320E-01  9.33049E-02  2.39243E-01  1.75654E+01 -1.09735E-04  1.07965E-01  0.00000E+00
  7.500000E+00     1436    6.10121E+00  8.25195E-01 -1.51869E+00 -6.93499E-01  9.32664E-02  2.39145E-01  1.76928E+01 -1.18317E-04  1.07917E-01  0.00000E+00
  7.500000E+00      869    3.60192E+00  2.22168E+00 -3.30446E+00 -1.08278E+00  6.41174E-02  1.64404E-01  1.93902E+01  5.48085E-05 -1.26208E-04  0.00000E+00
  7.500000E+00      871    3.60192E+00  2.47559E+00 -3.42519E+00 -9.49603E-01  6.76943E-02  1.73575E-01  1.80668E+01  1.51483E-04  9.79781E-04  0.00000E+00
  7.500000E+00      872    3.60192E+00  2.60254E+00 -3.51885E+00 -9.16316E-01  6.91133E-02  1.77213E-01  1.73744E+01  1.79298E-04  1.98042E-03  0.00000E+00
  7.500000E+00      874    3.60192E+00  2.85645E+00 -3.70257E+00 -8.46125E-01  7.32756E-02  1.87886E-01  1.59296E+01  1.29619E-04  4.44373E-03  0.00000E+00
  7.500000E+00      876    3.60192E+00  3.11035E+00 -3.72450E+00 -6.14147E-01  1.16628E-01  2.99047E-01  1.43924E+01 -6.20171E-05  3.73573E-03  0.00000E+00
  8.000000E+00      247    9.55611E-01  9.52148E-01 -1.64638E+00 -6.94230E-01  9.31090E-02  2.38741E-01  1.90668E+01  9.71513E-05  1.10252E-01  0.00000E+00
  8.000000E+00      249    9.55611E-01  1.20605E+00 -1.90025E+00 -6.94195E-01  9.31163E-02  2.38760E-01  1.91000E+01  1.00325E-04  1.10340E-01  0.00000E+00
  8.000000E+00      253    9.55611E-01  1.71387E+00 -2.40741E+00 -6.93544E-01  9.32564E-02  2.39119E-01  1.86909E+01  1.18060E-04  1.10295E-01  0.00000E+00
  8.000000E+00      256    9.55611E-01  2.09473E+00 -2.78728E+00 -6.92552E-01  9.34713E-02  2.39670E-01  1.79635E+01  1.40683E-04  1.10042E-01  0.00000E+00
  8.000000E+00      258    9.55611E-01  2.34863E+00 -3.04038E+00 -6.91750E-01  9.36462E-02  2.40119E-01  1.72733E+01  6.75259E-05  1.09699E-01  0.00000E+00
  8.000000E+00      255    9.55611E-01  1.96777E+00 -2.66070E+00 -6.92929E-01  9.33895E-02  2.39460E-01  1.82465E+01  1.33095E-04  1.10150E-01  0.00000E+00
  8.000000E+00      251    9.55611E-01  1.45996E+00 -2.15393E+00 -6.93967E-01  9.31654E-02  2.38886E-01  1.89752E+01  1.07632E-04  1.10355E-01  0.00000E+00
  8.000000E+00      720    3.01385E+00  5.71289E-01 -1.27160E+00 -7.00310E-01  9.18325E-02  2.35468E-01  2.15535E+01  2.52070E-06  1.06255E-01  0.00000E+00
  8.000000E+00      721    3.01385E+00  6.98242E-01 -1.39877E+00 -7.00530E-01  9.17874E-02  2.35352E-01  2.18304E+01  1.86753E-04  1.06151E-01  0.00000E+00
  8.000000E+00      722    3.01385E+00  8.25195E-01 -1.52769E+00 -7.02495E-01  9.13875E-02  2.34327E-01  2.20609E+01 -1.90600E-03  1.06320E-01  0.00000E+00
  8.000000E+00     1349    5.66016E+00  2.72949E+00 -3.52074E+00 -7.91253E-01  3.99997E-01  9.99993E-01  1.50768E+01  1.49448E-01  2.43927E-01  0.00000E+00
  8.000000E+00     1351    5.66016E+00  2.98340E+00 -3.56328E+00 -5.79882E-01  1.31815E-01  3.37987E-01  1.41104E+01 -1.76309E-01  4.10908E-01  0.00000E+00
  8.000000E+00     1353    5.66016E+00  3.23730E+00 -3.71942E+00 -4.82118E-01  1.99884E-01  5.12523E-01  1.29507E+01 -3.51041E-02  4.76489E-01  0.00000E+00
  8.000000E+00     1354    5.66016E+00  3.36426E+00 -3.72306E+00 -3.58801E-01  3.20913E-01  8.22854E-01  1.22573E+01 -1.16801E-02  2.67982E-01  0.00000E+00
  8.000000E+00     1355    5.66016E+00  3.49121E+00 -3.72408E+00 -2.32867E-01  3.82870E-01  9.81718E-01  1.14532E+01  2.73096E-02  1.50087E-01  0.00000E+00
  8.000000E+00     1431    6.10121E+00  1.90430E-01 -8.83099E-01 -6.92670E-01  9.34458E-02  2.39605E-01  1.70956E+01 -9.32582E-05  1.07957E-01  0.00000E+00
  8.000000E+00     1433    6.10121E+00  4.44336E-01 -1.13745E+00 -6.93118E-01  9.33486E-02  2.39355E-01  1.74198E+01 -1.00948E-04  1.07967E-01  0.00000E+00
  8.000000E+00     1434    6.10121E+00  5.71289E-01 -1.26457E+00 -6.93279E-01  9.33137E-02  2.39266E-01  1.75360E+01 -1.04990E-04  1.07960E-01  0.00000E+00
  8.000000E+00     1436    6.10121E+00  8.25195E-01 -1.51866E+00 -6.93469E-01  9.32726E-02  2.39161E-01  1.76711E+01 -1.13115E-04  1.07916E-01  0.00000E+00
  8.000000E+00      869    3.60192E+00  2.22168E+00 -3.31030E+00 -1.08862E+00  6.40130E-02  1.64136E-01  1.92942E+01  4.97488E-05 -1.07195E-04  0.00000E+00
  8.000000E+00      871    3.60192E+00  2.47559E+00 -3.43219E+00 -9.56609E-01  6.74303E-02  1.72898E-01  1.79909E+01  1.37296E-04  8.89608E-04  0.00000E+00
  8.000000E+00      872    3.60192E+00  2.60254E+00 -3.52581E+00 -9.23267E-01  6.87927E-02  1.76391E-01  1.73065E+01  1.63109E-04  1.78906E-03  0.00000E+00
  8.000000E+00      874    3.60192E+00  2.85645E+00 -3.70490E+00 -8.48456E-01  7.31050E-02  1.87449E-01  1.58744E+01  1.14299E-04  3.98386E-03  0.00000E+00
  8.000000E+00      876    3.60192E+00  3.11035E+00 -3.72440E+00 -6.14053E-01  1.16665E-01  2.99141E-01  1.43477E+01 -6.37900E-05  3.28044E-03  0.00000E+00
  8.500000E+00      247    9.55611E-01  9.52148E-01 -1.64629E+00 -6.94146E-01  9.31270E-02  2.38787E-01  1.90008E+01  7.75794E-05  1.10228E-01  0.00000E+00
  8.500000E+00      249    9.55611E-01  1.20605E+00 -1.90017E+00 -6.94119E-01  9.31328E-02  2.38802E-01  1.90395E+01  7.86332E-05  1.10321E-01  0.00000E+00
  8.500000E+00      253    9.55611E-01  1.71387E+00 -2.40735E+00 -6.93485E-01  9.32692E-02  2.39152E-01  1.86407E+01  9.33731E-05  1.10271E-01  0.00000E+00
  8.500000E+00      256    9.55611E-01  2.09473E+00 -2.78722E+00 -6.92497E-01  9.34834E-02  2.39701E-01  1.79148E+01  1.16533E-04  1.10008E-01  0.00000E+00
  8.500000E+00      258    9.55611E-01  2.34863E+00 -3.04024E+00 -6.91603E-01  9.36784E-02  2.40201E-01  1.72227E+01  1.28548E-04  1.09701E-01  0.00000E+00
  8.500000E+00      255    9.55611E-01  1.96777E+00 -2.66065E+00 -6.92875E-01  9.34012E-02  2.39490E-01  1.81980E+01  1.07174E-04  1.10120E-01  0.00000E+00
  8.500000E+00      251    9.55611E-01  1.45996E+00 -2.15386E+00 -6.93900E-01  9.31799E-02  2.38923E-01  1.89206E+01  8.42458E-05  1.10335E-01  0.00000E+00
  8.500000E+00      720    3.01385E+00  5.71289E-01 -1.27126E+00 -6.99973E-01  9.19018E-02  2.35646E-01  2.13003E+01  3.95293E-06  1.06212E-01  0.00000E+00
  8.500000E+00      721    3.01385E+00  6.98242E-01 -1.39844E+00 -7.00201E-01  9.18548E-02  2.35525E-01  2.15733E+01  1.88797E-04  1.06101E-01  0.00000E+00
  8.500000E+00      722    3.01385E+00  8.25195E-01 -1.52736E+00 -7.02161E-01  9.14551E-02  2.34500E-01  2.18021E+01 -1.90014E-03  1.06250E-01  0.00000E+00
  8.500000E+00     1349    5.66016E+00  2.72949E+00 -3.52011E+00 -7.90619E-01  3.99997E-01  9.99993E-01  1.51141E+01  1.49282E-01  2.44736E-01  0.00000E+00
  8.500000E+00     1351    5.66016E+00  2.98340E+00 -3.56288E+00 -5.79486E-01  1.32013E-01  3.38495E-01  1.41511E+01 -1.77382E-01  4.14109E-01  0.00000E+00
  8.500000E+00     1353    5.66016E+00  3.23730E+00 -3.71927E+00 -4.81965E-01  2.00021E-01  5.12875E-01  1.29899E+01 -3.54569E-02  4.80578E-01  0.00000E+00
  8.500000E+00     1354    5.66016E+00  3.36426E+00 -3.72293E+00 -3.58675E-01  3.21022E-01  8.23133E-01  1.22937E+01 -1.18925E-02  2.70527E-01  0.00000E+00
  8.500000E+00     1355    5.66016E+00  3.49121E+00 -3.72396E+00 -2.32752E-01  3.82890E-01  9.81769E-01  1.14851E+01  2.75090E-02  1.51836E-01  0.00000E+00
  8.500000E+00     1431    6.10121E+00  1.90430E-01 -8.83051E-01 -6.92622E-01  9.34563E-02  2.39631E-01  1.70606E+01 -8.89436E-05  1.07951E-01  0.00000E+00
  8.500000E+00     1433    6.10121E+00  4.44336E-01 -1.13741E+00 -6.93076E-01  9.33577E-02  2.39379E-01  1.73867E+01 -9.65764E-05  1.07956E-01  0.00000E+00
  8.500000E+00     1434    6.10121E+00  5.71289E-01 -1.26453E+00 -6.93241E-01  9.33220E-02  2.39287E-01  1.75052E+01 -1.00447E-04  1.07948E-01  0.00000E+00
  8.500000E+00     1436    6.10121E+00  8.25195E-01 -1.51863E+00 -6.93440E-01  9.32791E-02  2.39177E-01  1.76471E+01 -1.08125E-04  1.07908E-01  0.00000E+00
  8.500000E+00      869    3.60192E+00  2.22168E+00 -3.31569E+00 -1.09401E+00  6.39194E-02  1.63896E-01  1.91910E+01  4.54255E-05 -9.20735E-05  0.00000E+00
  8.500000E+00      871    3.60192E+00  2.47559E+00 -3.43870E+00 -9.63113E-01  6.71948E-02  1.72294E-01  1.79082E+01  1.25231E-04  8.13761E-04  0.00000E+00
  8.500000E+00      872    3.60192E+00  2.60254E+00 -3.53227E+00 -9.29728E-01  6.85067E-02  1.75658E-01  1.72322E+01  1.49281E-04  1.62837E-03  0.00000E+00
  8.500000E+00      874    3.60192E+00  2.85645E+00 -3.70682E+00 -8.50377E-01  7.29663E-02  1.87093E-01  1.58144E+01  1.01834E-04  3.59594E-03  0.00000E+00
  8.500000E+00      876    3.60192E+00  3.11035E+00 -3.72430E+00 -6.13953E-01  1.16704E-01  2.99241E-01  1.43000E+01 -6.64306E-05  2.91326E-03  0.00000E+00
  9.000000E+00      247    9.55611E-01  9.52148E-01 -1.64621E+00 -6.94058E-01  9.31458E-02  2.38835E-01  1.89328E+01  5.92536E-05  1.10208E-01  0.00000E+00
  9.000000E+00      249    9.55611E-01  1.20605E+00 -1.90009E+00 -6.94039E-01  9.31500E-02  2.38846E-01  1.89759E+01  5.86161E-05  1.10299E-01  0.00000E+00
  9.000000E+00      253    9.55611E-01  1.71387E+00 -2.40729E+00 -6.93420E-01  9.32834E-02  2.39188E-01  1.85859E+01  7.06752E-05  1.10245E-01  0.00000E+00
  9.000000E+00      256    9.55611E-01  2.09473E+00 -2.78716E+00 -6.92437E-01  9.34963E-02  2.39734E-01  1.78625E+01  9.24285E-05  1.09976E-01  0.00000E+00
  9.000000E+00      258    9.55611E-01  2.34863E+00 -3.04016E+00 -6.91532E-01  9.36941E-02  2.40241E-01  1.71696E+01  1.14918E-04  1.09666E-01  0.00000E+00
  9.000000E+00      255    9.55611E-01  1.96777E+00 -2.66059E+00 -6.92815E-01  9.34144E-02  2.39524E-01  1.81453E+01  8.35769E-05  1.10090E-01  0.00000E+00
  9.000000E+00      251    9.55611E-01  1.45996E+00 -2.15379E+00 -6.93827E-01  9.31954E-02  2.38963E-01  1.88618E+01  6.27194E-05  1.10312E-01  0.00000E+00
  9.000000E+00      720    3.01385E+00  5.71289E-01 -1.27096E+00 -6.99667E-01  9.19648E-02  2.35807E-01  2.10592E+01  5.20508E-06  1.06118E-01  0.00000E+00
  9.000000E+00      721    3.01385E+00  6.98242E-01 -1.39812E+00 -6.99881E-01  9.19207E-02  2.35694E-01  2.13283E+01  1.90474E-04  1.06026E-01  0.00000E+00
  9.000000E+00      722    3.01385E+00  8.25195E-01 -1.52702E+00 -7.01826E-01  9.15231E-02  2.34675E-01  2.15551E+01 -1.89586E-03  1.06195E-01  0.00000E+00
  9.000000E+00     1349    5.66016E+00  2.72949E+00 -3.51983E+00 -7.90340E-01  3.99997E-01  9.99993E-01  1.51469E+01  1.49293E-01  2.45115E-01  0.00000E+00
  9.000000E+00     1351    5.66016E+00  2.98340E+00 -3.56271E+00 -5.79308E-01  1.32103E-01  3.38725E-01  1.41896E+01 -1.77921E-01  4.15699E-01  0.00000E+00
  9.000000E+00     1353    5.66016E+00  3.23730E+00 -3.71917E+00 -4.81867E-01  2.00109E-01  5.13100E-01  1.30287E+01 -3.56214E-02  4.82768E-01  0.00000E+00
  9.000000E+00     1354    5.66016E+00  3.36426E+00 -3.72285E+00 -3.58590E-01  3.21095E-01  8.23320E-01  1.23301E+01 -1.18994E-02  2.71941E-01  0.00000E+00
  9.000000E+00     1355    5.66016E+00  3.49121E+00 -3.72388E+00 -2.32673E-01  3.82903E-01  9.81804E-01  1.15170E+01  2.78195E-02  1.52865E-01  0.00000E+00
  9.000000E+00     1431    6.10121E+00  1.90430E-01 -8.83005E-01 -6.92575E-01  9.34663E-02  2.39657E-01  1.70252E+01 -8.49850E-05  1.07935E-01  0.00000E+00
  9.000000E+00     1433    6.10121E+00  4.44336E-01 -1.13737E+00 -6.93030E-01  9.33676E-02  2.39404E-01  1.73528E+01 -9.21054E-05  1.07947E-01  0.00000E+00
  9.000000E+00     1434    6.10121E+00  5.71289E-01 -1.26449E+00 -6.93198E-01  9.33313E-02  2.39311E-01  1.74731E+01 -9.58023E-05  1.07942E-01  0.00000E+00
  9.000000E+00     1436    6.10121E+00  8.25195E-01 -1.51860E+00 -6.93406E-01  9.32863E-02  2.39196E-01  1.76210E+01 -1.03206E-04  1.07903E-01  0.00000E+00
  9.000000E+00      869    3.60192E+00  2.22168E+00 -3.32074E+00 -1.09906E+00  6.38340E-02  1.63677E-01  1.90829E+01  4.16608E-05 -7.95185E-05  0.00000E+00
  9.000000E+00      871    3.60192E+00  2.47559E+00 -3.44483E+00 -9.69242E-01  6.69811E-02  1.71746E-01  1.78207E+01  1.14770E-04  7.48550E-04  0.00000E+00
  9.000000E+00      872    3.60192E+00  2.60254E+00 -3.53836E+00 -9.35824E-01  6.82471E-02  1.74992E-01  1.71535E+01  1.37245E-04  1.49049E-03  0.00000E+00
  9.000000E+00      874    3.60192E+00  2.85645E+00 -3.70846E+00 -8.52011E-01  7.28498E-02  1.86794E-01  1.57509E+01  9.14272E-05  3.26156E-03  0.00000E+00
  9.000000E+00      876    3.60192E+00  3.11035E+00 -3.72422E+00 -6.13871E-01  1.16736E-01  2.99323E-01  1.42500E+01 -6.62618E-05  2.60992E-03  0.00000E+00
  9.500000E+00      247    9.55611E-01  9.52148E-01 -1.64612E+00 -6.93967E-01  9.31655E-02  2.38886E-01  1.88629E+01  4.22871E-05  1.10187E-01  0.00000E+00
  9.500000E+00      249    9.55611E-01  1.20605E+00 -1.90001E+00 -6.93953E-01  9.31684E-02  2.38893E-01  1.89095E+01  4.01177E-05  1.10279E-01  0.00000E+00
  9.500000E+00      253    9.55611E-01  1.71387E+00 -2.40722E+00 -6.93348E-01  9.32988E-02  2.39228E-01  1.85271E+01  4.99226E-05  1.10220E-01  0.00000E+00
  9.500000E+00      256    9.55611E-01  2.09473E+00 -2.78710E+00 -6.92372E-01  9.35106E-02  2.39771E-01  1.78067E+01  7.05618E-05  1.09944E-01  0.00000E+00
  9.500000E+00      258    9.55611E-01  2.34863E+00 -3.04010E+00 -6.91467E-01  9.37082E-02  2.40277E-01  1.71143E+01  9.32548E-05  1.09631E-01  0.00000E+00
  9.500000E+00      255    9.55611E-01  1.96777E+00 -2.66052E+00 -6.92748E-01  9.34289E-02  2.39561E-01  1.80889E+01  6.20528E-05  1.10061E-01  0.00000E+00
  9.500000E+00      251    9.55611E-01  1.45996E+00 -2.15371E+00 -6.93749E-01  9.32123E-02  2.39006E-01  1.87994E+01  4.29709E-05  1.10290E-01  0.00000E+00
  9.500000E+00      720    3.01385E+00  5.71289E-01 -1.27067E+00 -6.99384E-01  9.20232E-02  2.35957E-01  2.08287E+01  6.17907E-06  1.06000E-01  0.00000E+00
  9.500000E+00      721    3.01385E+00  6.98242E-01 -1.39783E+00 -6.99584E-01  9.19819E-02  2.35851E-01  2.10938E+01  1.91888E-04  1.05935E-01  0.00000E+00
  9.500000E+00      722    3.01385E+00  8.25195E-01 -1.52671E+00 -7.01512E-01  9.15868E-02  2.34838E-01  2.13181E+01 -1.89186E-03  1.06122E-01  0.00000E+00
  9.500000E+00     1349    5.66016E+00  2.72949E+00 -3.51975E+00 -7.90254E-01  3.99997E-01  9.99993E-01  1.51758E+01  1.49405E-01  2.45371E-01  0.00000E+00
  9.500000E+00     1351    5.66016E+00  2.98340E+00 -3.56265E+00 -5.79253E-01  1.32130E-01  3.38795E-01  1.42241E+01 -1.78176E-01  4.16417E-01  0.00000E+00
  9.500000E+00     1353    5.66016E+00  3.23730E+00 -3.71913E+00 -4.81823E-01  2.00149E-01  5.13203E-01  1.30650E+01 -3.56527E-02  4.83762E-01  0.00000E+00
  9.500000E+00     1354    5.66016E+00  3.36426E+00 -3.72281E+00 -3.58550E-01  3.21130E-01  8.23410E-01  1.23647E+01 -1.17294E-02  2.72581E-01  0.00000E+00
  9.500000E+00     1355    5.66016E+00  3.49121E+00 -3.72385E+00 -2.32634E-01  3.82910E-01  9.81821E-01  1.15477E+01  2.82416E-02  1.53320E-01  0.00000E+00
  9.500000E+00     1431    6.10121E+00  1.90430E-01 -8.82959E-01 -6.92530E-01  9.34762E-02  2.39683E-01  1.69890E+01 -8.12171E-05  1.07915E-01  0.00000E+00
  9.500000E+00     1433    6.10121E+00  4.44336E-01 -1.13732E+00 -6.92984E-01  9.33776E-02  2.39430E-01  1.73177E+01 -8.78900E-05  1.07934E-01  0.00000E+00
  9.500000E+00     1434    6.10121E+00  5.71289E-01 -1.26444E+00 -6.93154E-01  9.33409E-02  2.39336E-01  1.74398E+01 -9.14024E-05  1.07931E-01  0.00000E+00
  9.500000E+00     1436    6.10121E+00  8.25195E-01 -1.51856E+00 -6.93369E-01  9.32943E-02  2.39216E-01  1.75930E+01 -9.84864E-05  1.07896E-01  0.00000E+00
  9.500000E+00      869    3.60192E+00  2.22168E+00 -3.32547E+00 -1.10379E+00  6.37561E-02  1.63477E-01  1.89708E+01  3.83681E-05 -6.89901E-05  0.00000E+00
  9.500000E+00      871    3.60192E+00  2.47559E+00 -3.45059E+00 -9.75007E-01  6.67870E-02  1.71249E-01  1.77292E+01  1.05673E-04  6.92256E-04  0.00000E+00
  9.500000E+00      872    3.60192E+00  2.60254E+00 -3.54410E+00 -9.41561E-01  6.80113E-02  1.74388E-01  1.70710E+01  1.26740E-04  1.37173E-03  0.00000E+00
  9.500000E+00      874    3.60192E+00  2.85645E+00 -3.70985E+00 -8.53402E-01  7.27515E-02  1.86542E-01  1.56845E+01  8.27466E-05  2.97283E-03  0.00000E+00
  9.500000E+00      876    3.60192E+00  3.11035E+00 -3.72417E+00 -6.13815E-01  1.16758E-01  2.99378E-01  1.41982E+01 -6.53984E-05  2.36475E-03  0.00000E+00
  1.000000E+01      247    9.55611E-01  9.52148E-01 -1.64602E+00 -6.93876E-01  9.31850E-02  2.38936E-01  1.87913E+01  2.69052E-05  1.10159E-01  0.00000E+00
  1.000000E+01      249    9.55611E-01  1.20605E+00 -1.89992E+00 -6.93866E-01  9.31872E-02  2.38942E-01  1.88405E+01  2.32674E-05  1.10253E-01  0.00000E+00
  1.000000E+01      253    9.55611E-01  1.71387E+00 -2.40714E+00 -6.93271E-01  9.33155E-02  2.39271E-01  1.84648E+01  3.10093E-05  1.10194E-01  0.00000E+00
  1.000000E+01      256    9.55611E-01  2.09473E+00 -2.78703E+00 -6.92301E-01  9.35260E-02  2.39810E-01  1.77480E+01  5.07729E-05  1.09915E-01  0.00000E+00
  1.000000E+01      258    9.55611E-01  2.34863E+00 -3.04003E+00 -6.91399E-01  9.37231E-02  2.40316E-01  1.70570E+01  7.30639E-05  1.09598E-01  0.00000E+00
  1.000000E+01      255    9.55611E-01  1.96777E+00 -2.66045E+00 -6.92675E-01  9.34447E-02  2.39602E-01  1.80292E+01  4.25093E-05  1.10033E-01  0.00000E+00
  1.000000E+01      251    9.55611E-01  1.45996E+00 -2.15363E+00 -6.93667E-01  9.32301E-02  2.39051E-01  1.87338E+01  2.49410E-05  1.10265E-01  0.00000E+00
  1.000000E+01      720    3.01385E+00  5.71289E-01 -1.27038E+00 -6.99091E-01  9.20839E-02  2.36113E-01  2.06077E+01  7.16883E-06  1.05994E-01  0.00000E+00
  1.000000E+01      721    3.01385E+00  6.98242E-01 -1.39754E+00 -6.99299E-01  9.20409E-02  2.36002E-01  2.08687E+01  1.93275E-04  1.05884E-01  0.00000E+00
  1.000000E+01      722    3.01385E+00  8.25195E-01 -1.52642E+00 -7.01221E-01  9.16461E-02  2.34990E-01  2.10904E+01 -1.88777E-03  1.06051E-01  0.00000E+00
  1.000000E+01     1349    5.66016E+00  2.72949E+00 -3.51974E+00 -7.90244E-01  3.99997E-01  9.99993E-01  1.52008E+01  1.49521E-01  2.45581E-01  0.00000E+00
  1.000000E+01     1351    5.66016E+00  2.98340E+00 -3.56265E+00 -5.79250E-01  1.32132E-01  3.38799E-01  1.42549E+01 -1.78308E-01  4.16781E-01  0.00000E+00
  1.000000E+01     1353    5.66016E+00  3.23730E+00 -3.71911E+00 -4.81806E-01  2.00164E-01  5.13241E-01  1.30977E+01 -3.56423E-02  4.84191E-01  0.00000E+00
  1.000000E+01     1354    5.66016E+00  3.36426E+00 -3.72279E+00 -3.58533E-01  3.21144E-01  8.23447E-01  1.23963E+01 -1.15568E-02  2.72843E-01  0.00000E+00
  1.000000E+01     1355    5.66016E+00  3.49121E+00 -3.72383E+00 -2.32618E-01  3.82913E-01  9.81828E-01  1.15760E+01  2.85882E-02  1.53491E-01  0.00000E+00
  1.000000E+01     1431    6.10121E+00  1.90430E-01 -8.82909E-01 -6.92480E-01  9.34871E-02  2.39711E-01  1.69520E+01 -7.73002E-05  1.07912E-01  0.00000E+00
  1.000000E+01     1433    6.10121E+00  4.44336E-01 -1.13728E+00 -6.92939E-01  9.33873E-02  2.39455E-01  1.72816E+01 -8.39158E-05  1.07920E-01  0.00000E+00
  1.000000E+01     1434    6.10121E+00  5.71289E-01 -1.26440E+00 -6.93111E-01  9.33501E-02  2.39359E-01  1.74051E+01 -8.72906E-05  1.07916E-01  0.00000E+00
  1.000000E+01     1436    6.10121E+00  8.25195E-01 -1.51853E+00 -6.93333E-01  9.33021E-02  2.39236E-01  1.75632E+01 -9.40805E-05  1.07884E-01  0.00000E+00
  1.000000E+01      869    3.60192E+00  2.22168E+00 -3.32990E+00 -1.10822E+00  6.36850E-02  1.63295E-01  1.88555E+01  3.54756E-05 -6.00583E-05  0.00000E+00
  1.000000E+01      871    3.60192E+00  2.47559E+00 -3.45601E+00 -9.80424E-01  6.66105E-02  1.70796E-01  1.76344E+01  9.77350E-05  6.43426E-04  0.00000E+00
  1.000000E+01      872    3.60192E+00  2.60254E+00 -3.54949E+00 -9.46952E-01  6.77971E-02  1.73839E-01  1.69854E+01  1.17540E-04  1.26895E-03  0.00000E+00
  1.000000E+01      874    3.60192E+00  2.85645E+00 -3.71105E+00 -8.54601E-01  7.26675E-02  1.86327E-01  1.56156E+01  7.54378E-05  2.72289E-03  0.00000E+00
  1.000000E+01      876    3.60192E+00  3.11035E+00 -3.72414E+00 -6.13788E-01  1.16768E-01  2.99406E-01  1.41448E+01 -6.60461E-05  2.15608E-03  0.00000E+00
  1.010000E+01      247    9.55611E-01  9.52148E-01 -1.64601E+00 -6.93858E-01  9.31889E-02  2.38946E-01  1.87768E+01  2.39544E-05  1.10154E-01  0.00000E+00
  1.010000E+01      249    9.55611E-01  1.20605E+00 -1.89990E+00 -6.93848E-01  9.31910E-02  2.38951E-01  1.88264E+01  2.00560E-05  1.10247E-01  0.00000E+00
  1.010000E+01      253    9.55611E-01  1.71387E+00 -2.40712E+00 -6.93255E-01  9.33189E-02  2.39279E-01  1.84520E+01  2.74082E-05  1.10188E-01  0.00000E+00
  1.010000E+01      256    9.55611E-01  2.09473E+00 -2.78701E+00 -6.92287E-01  9.35291E-02  2.39818E-01  1.77359E+01  4.70209E-05  1.09909E-01  0.00000E+00
  1.010000E+01      258    9.55611E-01  2.34863E+00 -3.04002E+00 -6.91385E-01  9.37261E-02  2.40323E-01  1.70454E+01  6.92245E-05  1.09592E-01  0.00000E+00
  1.010000E+01      255    9.55611E-01  1.96777E+00 -2.66043E+00 -6.92660E-01  9.34479E-02  2.39610E-01  1.80169E+01  3.87956E-05  1.10027E-01  0.00000E+00
  1.010000E+01      251    9.55611E-01  1.45996E+00 -2.15361E+00 -6.93650E-01  9.32336E-02  2.39061E-01  1.87204E+01  2.15079E-05  1.10260E-01  0.00000E+00
  1.010000E+01      720    3.01385E+00  5.71289E-01 -1.27031E+00 -6.99026E-01  9.20973E-02  2.36147E-01  2.05646E+01  7.30571E-06  1.05967E-01  0.00000E+00
  1.010000E+01      721    3.01385E+00  6.98242E-01 -1.39748E+00 -6.99234E-01  9.20543E-02  2.36037E-01  2.08249E+01  1.93497E-04  1.05887E-01  0.00000E+00
  1.010000E+01      722    3.01385E+00  8.25195E-01 -1.52635E+00 -7.01158E-01  9.16589E-02  2.35023E-01  2.10460E+01 -1.88700E-03  1.06053E-01  0.00000E+00
  1.010000E+01     1349    5.66016E+00  2.72949E+00 -3.51974E+00 -7.90246E-01  3.99997E-01  9.99993E-01  1.52053E+01  1.49542E-01  2.45613E-01  0.00000E+00
  1.010000E+01     1351    5.66016E+00  2.98340E+00 -3.56265E+00 -5.79251E-01  1.32131E-01  3.38798E-01  1.42606E+01 -1.78332E-01  4.16831E-01  0.00000E+00
  1.010000E+01     1353    5.66016E+00  3.23730E+00 -3.71911E+00 -4.81805E-01  2.00165E-01  5.13244E-01  1.31038E+01 -3.56394E-02  4.84252E-01  0.00000E+00
  1.010000E+01     1354    5.66016E+00  3.36426E+00 -3.72279E+00 -3.58531E-01  3.21145E-01  8.23450E-01  1.24023E+01 -1.15309E-02  2.72882E-01  0.00000E+00
  1.010000E+01     1355    5.66016E+00  3.49121E+00 -3.72383E+00 -2.32616E-01  3.82913E-01  9.81829E-01  1.15813E+01  2.86365E-02  1.53517E-01  0.00000E+00
  1.010000E+01     1431    6.10121E+00  1.90430E-01 -8.82898E-01 -6.92468E-01  9.34896E-02  2.39717E-01  1.69446E+01 -7.64330E-05  1.07907E-01  0.00000E+00
  1.010000E+01     1433    6.10121E+00  4.44336E-01 -1.13727E+00 -6.92929E-01  9.33895E-02  2.39460E-01  1.72743E+01 -8.30651E-05  1.07920E-01  0.00000E+00
  1.010000E+01     1434    6.10121E+00  5.71289E-01 -1.26439E+00 -6.93102E-01  9.33521E-02  2.39364E-01  1.73980E+01 -8.64541E-05  1.07915E-01  0.00000E+00
  1.010000E+01     1436    6.10121E+00  8.25195E-01 -1.51852E+00 -6.93326E-01  9.33037E-02  2.39240E-01  1.75571E+01 -9.32225E-05  1.07881E-01  0.00000E+00
  1.010000E+01      869    3.60192E+00  2.22168E+00 -3.33076E+00 -1.10908E+00  6.36714E-02  1.63260E-01  1.88322E+01  3.49366E-05 -5.84174E-05  0.00000E+00
  1.010000E+01      871    3.60192E+00  2.47559E+00 -3.45706E+00 -9.81474E-01  6.65769E-02  1.70710E-01  1.76152E+01  9.62616E-05  6.34388E-04  0.00000E+00
  1.010000E+01      872    3.60192E+00  2.60254E+00 -3.55054E+00 -9.47998E-01  6.77563E-02  1.73734E-01  1.69680E+01  1.15830E-04  1.24996E-03  0.00000E+00
  1.010000E+01      874    3.60192E+00  2.85645E+00 -3.71127E+00 -8.54824E-01  7.26520E-02  1.86287E-01  1.56016E+01  7.41023E-05  2.67664E-03  0.00000E+00
  1.010000E+01      876    3.60192E+00  3.11035E+00 -3.72414E+00 -6.13786E-01  1.16769E-01  2.99408E-01  1.41339E+01 -6.63529E-05  2.11868E-03  0.00000E+00
